***************************************
*** ###easy### TPC-C Load Generator ***
***************************************
option h with value '127.0.0.1'
option S (socket) with value '/tmp/mysql.sock'
option d with value 'tpcc'
option u with value 'root'
option p with value '1234'
option w with value '20'
option c with value '8'
option r with value '10'
option l with value '1200'
<Parameters>
     [server]: 127.0.0.1
     [port]: 3306
     [DBname]: tpcc
       [user]: root
       [pass]: 1234
  [warehouse]: 20
 [connection]: 8
     [rampup]: 10 (sec.)
    [measure]: 1200 (sec.)

RAMP-UP TIME.(10 sec.)

MEASURING START.

  10, trx: 719, 95%: 108.533, 99%: 133.392, max_rt: 170.976, 722|85.330, 73|44.252, 71|248.319, 73|506.479
  20, trx: 766, 95%: 99.419, 99%: 124.257, max_rt: 149.068, 765|90.959, 76|37.202, 77|199.646, 76|390.239
  30, trx: 770, 95%: 102.256, 99%: 120.593, max_rt: 145.990, 774|66.851, 78|31.754, 78|230.727, 77|379.159
  40, trx: 778, 95%: 102.287, 99%: 126.850, max_rt: 191.916, 775|58.055, 77|28.820, 78|222.894, 79|417.388
  50, trx: 786, 95%: 98.648, 99%: 122.631, max_rt: 135.473, 786|57.228, 79|41.412, 77|204.142, 78|359.833
  60, trx: 739, 95%: 113.313, 99%: 135.566, max_rt: 164.949, 740|58.190, 73|51.455, 75|257.727, 75|420.429
  70, trx: 748, 95%: 103.117, 99%: 131.647, max_rt: 177.415, 746|95.234, 75|26.392, 74|231.146, 74|400.667
  80, trx: 769, 95%: 101.433, 99%: 125.078, max_rt: 301.548, 770|106.705, 78|23.464, 78|302.644, 76|383.885
  90, trx: 747, 95%: 114.130, 99%: 142.473, max_rt: 192.529, 748|105.345, 74|31.568, 74|244.066, 75|539.786
 100, trx: 762, 95%: 98.944, 99%: 124.331, max_rt: 138.356, 762|65.488, 76|121.453, 76|203.734, 77|430.960
 110, trx: 772, 95%: 101.920, 99%: 127.383, max_rt: 145.990, 772|82.006, 78|31.679, 78|218.879, 77|347.423
 120, trx: 703, 95%: 110.400, 99%: 133.953, max_rt: 189.666, 701|52.905, 69|42.374, 70|240.824, 70|382.588
 130, trx: 761, 95%: 108.435, 99%: 136.421, max_rt: 172.747, 762|74.604, 77|53.647, 76|244.209, 76|396.042
 140, trx: 743, 95%: 107.723, 99%: 133.233, max_rt: 170.930, 743|87.556, 74|38.569, 75|211.247, 75|330.525
 150, trx: 725, 95%: 108.370, 99%: 132.676, max_rt: 168.413, 724|99.554, 73|57.035, 72|244.801, 72|403.778
 160, trx: 722, 95%: 107.788, 99%: 121.426, max_rt: 156.359, 726|89.801, 72|39.455, 72|217.093, 72|349.252
 170, trx: 743, 95%: 102.686, 99%: 132.358, max_rt: 303.147, 740|132.265, 74|225.673, 74|238.689, 75|547.062
 180, trx: 747, 95%: 111.965, 99%: 145.707, max_rt: 341.061, 749|161.380, 74|44.318, 75|348.442, 74|455.026
 190, trx: 720, 95%: 109.643, 99%: 139.853, max_rt: 165.013, 718|77.764, 73|33.838, 72|275.801, 71|386.003
 200, trx: 758, 95%: 107.177, 99%: 127.688, max_rt: 181.534, 755|90.161, 76|43.849, 76|221.748, 77|389.147
 210, trx: 716, 95%: 107.113, 99%: 135.040, max_rt: 191.669, 718|86.258, 71|32.479, 71|285.530, 72|386.325
 220, trx: 715, 95%: 108.500, 99%: 133.153, max_rt: 161.022, 717|62.407, 72|45.013, 71|248.446, 71|508.415
 230, trx: 747, 95%: 106.314, 99%: 135.688, max_rt: 157.882, 747|123.270, 74|31.147, 76|209.268, 74|398.416
 240, trx: 746, 95%: 104.797, 99%: 125.528, max_rt: 182.611, 745|74.740, 75|48.277, 74|201.212, 75|380.291
 250, trx: 721, 95%: 109.610, 99%: 134.636, max_rt: 152.691, 720|92.884, 72|30.450, 72|269.617, 73|433.182
 260, trx: 750, 95%: 102.103, 99%: 129.925, max_rt: 145.560, 750|67.345, 74|40.133, 75|227.578, 75|424.822
 270, trx: 736, 95%: 109.643, 99%: 136.707, max_rt: 174.765, 732|82.490, 74|36.411, 74|266.211, 72|403.933
 280, trx: 737, 95%: 109.774, 99%: 132.874, max_rt: 153.785, 740|88.996, 74|31.079, 73|260.885, 74|384.637
 290, trx: 722, 95%: 109.774, 99%: 134.555, max_rt: 167.286, 722|93.474, 73|47.881, 72|218.404, 73|370.797
 300, trx: 732, 95%: 106.219, 99%: 126.926, max_rt: 162.999, 732|71.598, 73|41.774, 74|212.357, 73|367.659
 310, trx: 786, 95%: 102.409, 99%: 127.956, max_rt: 163.453, 787|54.554, 78|35.397, 78|215.033, 79|371.704
 320, trx: 737, 95%: 105.616, 99%: 141.792, max_rt: 197.499, 735|116.703, 74|42.708, 75|251.761, 73|389.696
 330, trx: 730, 95%: 102.994, 99%: 127.192, max_rt: 191.069, 734|71.608, 73|40.044, 72|208.763, 74|349.849
 340, trx: 789, 95%: 98.855, 99%: 125.566, max_rt: 165.045, 789|87.705, 79|37.236, 78|215.530, 79|364.704
 350, trx: 710, 95%: 111.596, 99%: 138.852, max_rt: 160.415, 709|80.246, 71|36.805, 72|227.655, 70|375.795
 360, trx: 726, 95%: 105.838, 99%: 130.353, max_rt: 183.826, 724|88.516, 72|50.298, 73|211.612, 73|369.825
 370, trx: 760, 95%: 105.806, 99%: 136.625, max_rt: 166.221, 759|71.866, 76|31.231, 75|224.685, 76|369.561
 380, trx: 750, 95%: 106.060, 99%: 126.509, max_rt: 138.884, 753|92.825, 76|61.836, 76|228.400, 75|446.179
 390, trx: 751, 95%: 108.305, 99%: 143.242, max_rt: 225.122, 750|76.745, 75|40.453, 75|257.280, 75|385.602
 400, trx: 759, 95%: 104.641, 99%: 126.964, max_rt: 164.302, 762|76.541, 75|36.124, 75|222.481, 76|381.264
 410, trx: 729, 95%: 109.021, 99%: 124.741, max_rt: 149.459, 731|65.130, 74|42.498, 74|214.707, 73|376.426
 420, trx: 721, 95%: 105.743, 99%: 128.033, max_rt: 168.900, 718|90.925, 71|28.451, 72|224.730, 71|444.725
 430, trx: 720, 95%: 112.873, 99%: 136.258, max_rt: 203.149, 718|72.792, 73|50.132, 72|253.091, 74|348.002
 440, trx: 713, 95%: 112.569, 99%: 134.878, max_rt: 190.287, 714|110.000, 70|31.133, 71|238.901, 70|389.373
 450, trx: 715, 95%: 112.839, 99%: 143.672, max_rt: 206.838, 712|113.929, 72|47.366, 71|278.428, 71|393.536
 460, trx: 730, 95%: 115.609, 99%: 143.801, max_rt: 166.044, 732|83.388, 73|41.643, 73|218.432, 74|369.795
 470, trx: 734, 95%: 111.363, 99%: 133.832, max_rt: 168.636, 732|77.798, 74|28.763, 74|246.035, 73|473.578
 480, trx: 700, 95%: 112.367, 99%: 134.838, max_rt: 164.739, 701|66.762, 70|43.792, 70|237.350, 71|394.298
 490, trx: 708, 95%: 110.235, 99%: 134.757, max_rt: 192.231, 712|89.100, 70|39.802, 70|275.276, 69|377.737
 500, trx: 736, 95%: 105.111, 99%: 129.420, max_rt: 283.887, 736|110.895, 74|28.605, 75|392.078, 74|527.123
 510, trx: 690, 95%: 121.353, 99%: 165.376, max_rt: 201.843, 689|156.925, 69|55.778, 68|205.604, 70|767.707
 520, trx: 732, 95%: 104.578, 99%: 135.282, max_rt: 340.882, 732|61.111, 73|44.597, 74|357.111, 73|493.569
 530, trx: 725, 95%: 115.747, 99%: 147.949, max_rt: 204.793, 725|63.988, 72|45.377, 72|221.510, 72|456.799
 540, trx: 710, 95%: 106.219, 99%: 125.829, max_rt: 186.177, 708|75.594, 72|39.732, 71|244.286, 71|370.960
 550, trx: 718, 95%: 109.512, 99%: 135.242, max_rt: 193.098, 720|89.576, 71|46.215, 71|260.044, 71|362.180
 560, trx: 721, 95%: 113.381, 99%: 136.748, max_rt: 173.289, 721|72.917, 73|32.003, 73|267.708, 73|402.609
 570, trx: 723, 95%: 108.143, 99%: 133.752, max_rt: 150.398, 722|93.750, 72|27.404, 71|257.793, 72|392.515
 580, trx: 732, 95%: 109.939, 99%: 135.485, max_rt: 164.756, 731|70.279, 73|53.741, 74|246.699, 74|430.849
 590, trx: 768, 95%: 100.016, 99%: 126.774, max_rt: 157.422, 769|70.926, 77|27.746, 77|226.763, 76|415.824
 600, trx: 721, 95%: 106.984, 99%: 132.557, max_rt: 193.209, 719|82.530, 72|34.901, 73|216.497, 72|369.483
 610, trx: 776, 95%: 99.449, 99%: 122.045, max_rt: 155.571, 777|90.352, 77|41.141, 77|244.924, 78|356.256
 620, trx: 753, 95%: 105.679, 99%: 154.697, max_rt: 182.444, 755|77.150, 76|33.166, 74|274.283, 76|389.593
 630, trx: 704, 95%: 117.212, 99%: 139.060, max_rt: 162.058, 707|82.427, 70|30.372, 71|225.121, 71|410.899
 640, trx: 838, 95%: 101.585, 99%: 123.146, max_rt: 225.783, 833|86.742, 84|44.512, 85|267.338, 82|359.425
 650, trx: 993, 95%: 79.237, 99%: 98.530, max_rt: 125.058, 996|74.701, 100|25.040, 99|186.982, 100|266.162
 660, trx: 985, 95%: 78.717, 99%: 94.940, max_rt: 125.658, 983|77.704, 98|33.472, 98|171.411, 98|345.479
 670, trx: 950, 95%: 82.579, 99%: 106.952, max_rt: 146.068, 950|62.571, 95|28.600, 95|226.910, 95|310.662
 680, trx: 940, 95%: 83.050, 99%: 99.986, max_rt: 142.941, 942|62.358, 94|35.264, 95|195.557, 95|298.215
 690, trx: 981, 95%: 79.475, 99%: 105.933, max_rt: 144.270, 980|75.115, 98|46.564, 97|212.733, 98|331.450
 700, trx: 801, 95%: 105.206, 99%: 134.354, max_rt: 185.135, 800|67.831, 80|42.845, 80|231.220, 80|361.522
 710, trx: 893, 95%: 88.095, 99%: 109.972, max_rt: 151.841, 892|59.841, 90|27.263, 90|227.610, 89|335.073
 720, trx: 816, 95%: 101.312, 99%: 130.626, max_rt: 157.564, 818|87.210, 82|30.065, 81|238.250, 82|407.762
 730, trx: 776, 95%: 117.247, 99%: 152.947, max_rt: 204.848, 774|69.191, 77|49.310, 78|258.347, 77|525.564
 740, trx: 702, 95%: 204.354, 99%: 315.417, max_rt: 556.939, 705|299.092, 70|89.161, 70|366.103, 70|1006.153
 750, trx: 394, 95%: 216.897, 99%: 278.904, max_rt: 376.787, 395|147.300, 39|74.627, 40|515.542, 40|784.896
 760, trx: 562, 95%: 142.047, 99%: 179.404, max_rt: 231.575, 560|91.275, 56|48.318, 56|291.092, 56|454.556
 770, trx: 648, 95%: 125.190, 99%: 161.366, max_rt: 219.687, 646|93.015, 65|37.884, 64|294.601, 65|457.220
 780, trx: 655, 95%: 114.438, 99%: 142.686, max_rt: 166.244, 657|117.076, 66|35.076, 66|292.203, 65|398.654
 790, trx: 707, 95%: 110.004, 99%: 136.462, max_rt: 205.299, 705|93.377, 71|28.510, 71|298.784, 71|431.525
 800, trx: 570, 95%: 158.067, 99%: 234.031, max_rt: 298.557, 571|173.071, 57|132.706, 56|431.701, 57|1317.506
 810, trx: 724, 95%: 106.856, 99%: 126.698, max_rt: 157.567, 723|104.163, 71|57.108, 73|251.706, 73|410.823
 820, trx: 692, 95%: 110.169, 99%: 135.121, max_rt: 200.974, 694|102.026, 70|61.949, 69|234.355, 68|449.065
 830, trx: 744, 95%: 103.798, 99%: 126.282, max_rt: 163.347, 741|99.244, 74|38.518, 75|209.172, 75|378.616
 840, trx: 715, 95%: 115.782, 99%: 144.881, max_rt: 158.857, 719|86.748, 72|42.212, 72|223.939, 72|381.806
 850, trx: 737, 95%: 104.078, 99%: 130.783, max_rt: 155.869, 738|92.471, 74|32.821, 73|207.554, 73|358.502
 860, trx: 742, 95%: 106.123, 99%: 124.592, max_rt: 140.976, 738|96.471, 74|39.760, 74|211.879, 75|364.225
 870, trx: 732, 95%: 113.110, 99%: 137.487, max_rt: 156.570, 732|91.147, 73|27.302, 73|273.519, 72|370.635
 880, trx: 692, 95%: 116.338, 99%: 140.188, max_rt: 154.632, 695|90.884, 69|33.219, 69|242.478, 70|396.632
 890, trx: 709, 95%: 119.193, 99%: 142.387, max_rt: 185.440, 707|101.454, 71|77.576, 71|241.584, 70|403.186
 900, trx: 708, 95%: 113.279, 99%: 143.114, max_rt: 168.012, 709|77.381, 71|39.331, 71|226.026, 73|405.893
 910, trx: 716, 95%: 112.065, 99%: 135.566, max_rt: 197.457, 717|107.955, 71|33.633, 72|214.238, 70|375.035
 920, trx: 694, 95%: 118.872, 99%: 142.004, max_rt: 167.828, 693|49.810, 70|41.712, 69|246.269, 69|392.916
 930, trx: 673, 95%: 115.851, 99%: 142.772, max_rt: 185.637, 670|66.276, 67|39.026, 67|248.664, 67|411.123
 940, trx: 665, 95%: 115.921, 99%: 141.834, max_rt: 166.208, 667|112.503, 66|41.303, 67|310.783, 66|411.947
 950, trx: 614, 95%: 134.394, 99%: 166.868, max_rt: 182.509, 613|123.887, 62|38.793, 61|289.672, 62|456.725
 960, trx: 621, 95%: 129.769, 99%: 154.281, max_rt: 176.539, 621|81.808, 63|38.210, 62|313.332, 63|415.643
 970, trx: 664, 95%: 115.990, 99%: 139.435, max_rt: 171.574, 665|76.126, 66|80.293, 67|244.096, 65|453.269
 980, trx: 603, 95%: 134.193, 99%: 159.971, max_rt: 191.422, 603|153.200, 60|33.862, 60|283.511, 61|455.210
 990, trx: 616, 95%: 129.226, 99%: 162.189, max_rt: 191.098, 618|84.810, 61|83.112, 61|306.817, 62|535.754
1000, trx: 593, 95%: 141.792, 99%: 171.887, max_rt: 183.513, 588|74.302, 60|53.111, 60|296.320, 59|419.636
1010, trx: 616, 95%: 132.914, 99%: 160.259, max_rt: 200.412, 618|59.282, 62|41.949, 62|231.861, 62|463.597
1020, trx: 656, 95%: 124.928, 99%: 153.820, max_rt: 187.531, 654|57.070, 65|41.790, 66|291.946, 65|406.206
1030, trx: 652, 95%: 122.191, 99%: 146.319, max_rt: 180.499, 656|134.865, 66|50.926, 65|312.840, 65|472.858
1040, trx: 706, 95%: 120.773, 99%: 149.641, max_rt: 184.727, 705|85.339, 70|42.508, 70|237.447, 72|474.917
1050, trx: 649, 95%: 124.966, 99%: 160.547, max_rt: 267.008, 651|91.521, 64|32.744, 65|466.892, 65|555.844
1060, trx: 644, 95%: 123.257, 99%: 157.689, max_rt: 186.765, 644|109.987, 66|57.598, 64|334.006, 64|459.270
1070, trx: 623, 95%: 126.926, 99%: 154.373, max_rt: 172.504, 620|61.475, 61|37.216, 62|258.157, 61|413.251
1080, trx: 626, 95%: 128.225, 99%: 159.445, max_rt: 187.690, 626|132.323, 63|51.043, 63|356.359, 63|629.350
1090, trx: 640, 95%: 137.569, 99%: 226.383, max_rt: 584.526, 641|210.902, 63|29.626, 64|305.243, 64|866.814
1100, trx: 586, 95%: 148.704, 99%: 207.249, max_rt: 318.338, 588|168.663, 60|83.482, 59|545.347, 59|1244.987
1110, trx: 724, 95%: 109.413, 99%: 158.779, max_rt: 290.743, 722|128.353, 72|37.096, 72|292.065, 73|522.679
1120, trx: 728, 95%: 108.143, 99%: 138.437, max_rt: 160.941, 728|114.262, 72|49.157, 72|205.971, 72|467.860
1130, trx: 714, 95%: 102.932, 99%: 130.822, max_rt: 183.316, 715|66.610, 72|37.707, 73|293.160, 72|397.751
1140, trx: 703, 95%: 107.369, 99%: 130.509, max_rt: 156.522, 702|87.515, 71|40.092, 70|223.156, 71|437.042
1150, trx: 725, 95%: 107.949, 99%: 131.608, max_rt: 213.473, 724|86.946, 71|27.555, 72|263.231, 71|367.024
1160, trx: 721, 95%: 105.679, 99%: 129.149, max_rt: 166.908, 726|70.944, 73|32.341, 73|230.264, 73|335.953
1170, trx: 722, 95%: 110.037, 99%: 132.715, max_rt: 180.830, 721|96.028, 72|44.197, 72|224.330, 72|394.677
1180, trx: 706, 95%: 105.458, 99%: 126.244, max_rt: 151.628, 703|66.473, 71|36.847, 71|297.228, 70|377.504
1190, trx: 762, 95%: 107.788, 99%: 133.472, max_rt: 202.401, 762|83.475, 77|99.315, 75|235.418, 76|370.930
1200, trx: 758, 95%: 105.490, 99%: 129.149, max_rt: 148.795, 759|54.920, 75|62.452, 76|200.988, 76|382.344

STOPPING THREADS........

<Raw Results>
  [0] sc:3 lt:87000  rt:0  fl:0 avg_rt: 59.8 (5)
  [1] sc:7557 lt:79450  rt:0  fl:0 avg_rt: 13.8 (5)
  [2] sc:2026 lt:6675  rt:0  fl:0 avg_rt: 10.8 (5)
  [3] sc:925 lt:7775  rt:0  fl:0 avg_rt: 128.0 (80)
  [4] sc:0 lt:8701  rt:0  fl:0 avg_rt: 238.0 (20)
 in 1200 sec.

<Raw Results2(sum ver.)>
  [0] sc:3  lt:87000  rt:0  fl:0 
  [1] sc:7557  lt:79450  rt:0  fl:0 
  [2] sc:2026  lt:6675  rt:0  fl:0 
  [3] sc:925  lt:7775  rt:0  fl:0 
  [4] sc:0  lt:8701  rt:0  fl:0 

<Constraint Check> (all must be [OK])
 [transaction percentage]
        Payment: 43.48% (>=43.0%) [OK]
   Order-Status: 4.35% (>= 4.0%) [OK]
       Delivery: 4.35% (>= 4.0%) [OK]
    Stock-Level: 4.35% (>= 4.0%) [OK]
 [response time (at least 90% passed)]
      New-Order: 0.00%  [NG] *
        Payment: 8.69%  [NG] *
   Order-Status: 23.28%  [NG] *
       Delivery: 10.63%  [NG] *
    Stock-Level: 0.00%  [NG] *

<TpmC>
                 4350.150 TpmC
