***************************************
*** ###easy### TPC-C Load Generator ***
***************************************
option h with value '127.0.0.1'
option S (socket) with value '/tmp/mysql.sock'
option d with value 'tpcc'
option u with value 'root'
option p with value '1234'
option w with value '20'
option c with value '8'
option r with value '10'
option l with value '600'
<Parameters>
     [server]: 127.0.0.1
     [port]: 3306
     [DBname]: tpcc
       [user]: root
       [pass]: 1234
  [warehouse]: 20
 [connection]: 8
     [rampup]: 10 (sec.)
    [measure]: 600 (sec.)

RAMP-UP TIME.(10 sec.)

MEASURING START.

  10, trx: 407, 95%: 202.770, 99%: 259.104, max_rt: 320.836, 407|188.997, 40|91.159, 41|602.103, 41|813.252
  20, trx: 627, 95%: 154.929, 99%: 206.939, max_rt: 250.977, 632|150.236, 64|74.224, 63|357.198, 64|816.317
  30, trx: 433, 95%: 200.176, 99%: 252.066, max_rt: 330.311, 433|190.954, 43|53.254, 43|424.663, 42|791.226
  40, trx: 525, 95%: 212.909, 99%: 293.376, max_rt: 334.707, 522|179.143, 52|100.585, 52|350.802, 52|866.859
  50, trx: 521, 95%: 191.444, 99%: 253.959, max_rt: 340.548, 525|220.632, 52|79.644, 52|482.879, 54|702.993
  60, trx: 392, 95%: 248.173, 99%: 301.027, max_rt: 513.912, 390|177.799, 40|79.899, 40|378.096, 38|754.293
  70, trx: 299, 95%: 300.756, 99%: 353.098, max_rt: 564.994, 298|247.869, 29|139.082, 29|597.974, 31|983.711
  80, trx: 388, 95%: 239.631, 99%: 298.693, max_rt: 353.986, 390|229.055, 39|94.134, 40|444.840, 39|649.381
  90, trx: 573, 95%: 188.375, 99%: 252.217, max_rt: 296.692, 574|149.075, 57|37.803, 56|386.734, 56|543.373
 100, trx: 587, 95%: 143.414, 99%: 197.203, max_rt: 236.705, 584|98.250, 59|55.911, 59|315.955, 60|523.911
 110, trx: 620, 95%: 124.108, 99%: 158.115, max_rt: 249.946, 620|85.214, 62|37.593, 62|337.124, 61|471.826
 120, trx: 726, 95%: 111.130, 99%: 144.535, max_rt: 179.199, 725|67.854, 73|48.318, 73|227.044, 73|384.017
 130, trx: 808, 95%: 102.809, 99%: 137.940, max_rt: 184.571, 807|88.440, 80|25.891, 80|198.487, 80|314.861
 140, trx: 768, 95%: 99.628, 99%: 123.036, max_rt: 154.591, 771|94.240, 78|21.939, 78|215.965, 78|332.802
 150, trx: 735, 95%: 111.797, 99%: 138.064, max_rt: 180.947, 729|88.393, 72|44.664, 72|215.802, 73|340.034
 160, trx: 725, 95%: 103.024, 99%: 123.441, max_rt: 180.486, 732|64.483, 73|26.255, 73|232.883, 73|340.839
 170, trx: 719, 95%: 110.268, 99%: 132.636, max_rt: 182.753, 721|71.664, 73|34.098, 73|246.866, 72|348.774
 180, trx: 767, 95%: 101.524, 99%: 124.071, max_rt: 148.333, 764|62.684, 76|28.377, 76|223.707, 76|326.399
 190, trx: 736, 95%: 102.655, 99%: 123.774, max_rt: 154.642, 740|65.220, 74|27.572, 74|219.701, 74|339.663
 200, trx: 767, 95%: 102.840, 99%: 123.997, max_rt: 150.990, 765|69.551, 76|36.159, 76|209.706, 76|333.361
 210, trx: 721, 95%: 106.250, 99%: 139.143, max_rt: 161.775, 723|83.906, 72|62.826, 72|219.301, 73|329.941
 220, trx: 730, 95%: 105.964, 99%: 132.795, max_rt: 173.366, 725|70.891, 73|29.192, 73|230.902, 73|424.896
 230, trx: 758, 95%: 104.923, 99%: 132.002, max_rt: 168.720, 759|109.954, 76|26.569, 76|244.167, 76|346.643
 240, trx: 722, 95%: 105.964, 99%: 138.561, max_rt: 197.185, 720|74.111, 72|34.366, 72|212.572, 72|353.635
 250, trx: 727, 95%: 109.741, 99%: 137.364, max_rt: 236.897, 724|100.367, 73|30.808, 72|247.679, 72|325.221
 260, trx: 780, 95%: 97.358, 99%: 124.630, max_rt: 159.118, 780|50.074, 78|27.173, 78|233.842, 78|311.807
 270, trx: 718, 95%: 111.663, 99%: 133.752, max_rt: 146.564, 721|60.987, 71|25.913, 73|219.973, 72|377.905
 280, trx: 725, 95%: 108.338, 99%: 131.844, max_rt: 179.081, 724|86.248, 73|23.819, 72|223.621, 73|340.549
 290, trx: 755, 95%: 101.069, 99%: 124.779, max_rt: 160.205, 757|78.150, 76|30.180, 76|208.881, 76|323.425
 300, trx: 771, 95%: 99.360, 99%: 127.116, max_rt: 152.919, 770|63.383, 76|34.316, 77|224.646, 77|363.319
 310, trx: 718, 95%: 107.691, 99%: 130.431, max_rt: 146.055, 719|81.583, 73|29.812, 72|236.994, 71|372.490
 320, trx: 724, 95%: 103.892, 99%: 124.704, max_rt: 158.094, 723|81.806, 72|30.901, 72|237.101, 72|437.976
 330, trx: 711, 95%: 108.079, 99%: 124.443, max_rt: 172.804, 713|66.962, 71|25.845, 71|265.297, 72|340.532
 340, trx: 742, 95%: 106.760, 99%: 129.149, max_rt: 139.589, 740|123.769, 74|58.398, 74|221.063, 75|336.598
 350, trx: 738, 95%: 109.282, 99%: 137.734, max_rt: 197.606, 738|128.253, 75|38.754, 74|256.647, 73|363.476
 360, trx: 726, 95%: 110.466, 99%: 136.503, max_rt: 175.081, 727|104.803, 71|23.074, 73|263.966, 73|401.569
 370, trx: 701, 95%: 107.209, 99%: 128.686, max_rt: 145.056, 699|94.057, 71|47.121, 70|241.715, 70|343.516
 380, trx: 746, 95%: 106.473, 99%: 134.435, max_rt: 160.184, 749|102.158, 74|28.018, 75|229.743, 74|398.695
 390, trx: 787, 95%: 102.226, 99%: 130.626, max_rt: 195.679, 785|137.474, 79|44.352, 78|203.562, 79|326.834
 400, trx: 744, 95%: 105.017, 99%: 127.994, max_rt: 159.338, 744|82.250, 74|51.985, 74|219.907, 73|366.408
 410, trx: 903, 95%: 98.030, 99%: 136.625, max_rt: 159.813, 906|93.757, 91|46.427, 92|254.650, 92|403.214
 420, trx: 818, 95%: 106.760, 99%: 155.673, max_rt: 187.699, 818|82.407, 82|36.654, 82|277.835, 81|458.465
 430, trx: 851, 95%: 107.627, 99%: 131.726, max_rt: 187.957, 851|71.432, 85|45.359, 84|223.847, 86|358.245
 440, trx: 773, 95%: 110.202, 99%: 144.838, max_rt: 178.347, 771|104.033, 77|43.833, 77|219.859, 77|387.034
 450, trx: 834, 95%: 102.256, 99%: 130.236, max_rt: 199.675, 834|104.246, 83|94.002, 84|211.668, 83|349.267
 460, trx: 791, 95%: 101.676, 99%: 130.314, max_rt: 198.795, 792|101.316, 79|45.187, 79|236.104, 80|361.888
 470, trx: 606, 95%: 156.373, 99%: 220.497, max_rt: 347.715, 606|176.843, 61|80.290, 61|313.153, 60|471.551
 480, trx: 467, 95%: 197.321, 99%: 247.579, max_rt: 339.276, 462|183.255, 47|96.670, 46|412.732, 47|701.465
 490, trx: 520, 95%: 202.830, 99%: 279.991, max_rt: 336.206, 526|145.750, 52|138.164, 52|538.230, 51|578.274
 500, trx: 441, 95%: 288.845, 99%: 344.640, max_rt: 458.896, 438|189.430, 44|97.607, 44|441.278, 44|701.621
 510, trx: 343, 95%: 252.368, 99%: 305.200, max_rt: 347.598, 344|195.077, 34|151.073, 35|555.945, 35|712.748
 520, trx: 329, 95%: 291.363, 99%: 353.204, max_rt: 409.497, 331|203.285, 34|146.950, 33|596.024, 34|801.141
 530, trx: 337, 95%: 247.579, 99%: 397.655, max_rt: 601.623, 336|197.886, 33|87.242, 33|508.515, 33|840.690
 540, trx: 346, 95%: 297.266, 99%: 403.530, max_rt: 545.825, 344|190.376, 34|59.455, 34|512.552, 34|950.714
 550, trx: 346, 95%: 258.020, 99%: 386.390, max_rt: 501.700, 346|286.752, 35|187.351, 35|489.620, 34|891.628
 560, trx: 338, 95%: 295.491, 99%: 362.306, max_rt: 510.100, 342|184.380, 34|133.813, 34|444.847, 35|688.115
 570, trx: 329, 95%: 286.863, 99%: 429.325, max_rt: 493.113, 325|241.505, 33|89.200, 33|597.985, 33|950.890
 580, trx: 317, 95%: 300.307, 99%: 436.583, max_rt: 590.317, 318|235.403, 32|86.918, 32|601.221, 32|791.378
 590, trx: 328, 95%: 286.606, 99%: 390.109, max_rt: 596.280, 329|184.989, 32|86.819, 33|577.317, 33|758.213
 600, trx: 330, 95%: 292.062, 99%: 390.109, max_rt: 485.142, 328|196.541, 33|84.821, 33|546.596, 32|763.889

STOPPING THREADS........

<Raw Results>
  [0] sc:4 lt:37210  rt:0  fl:0 avg_rt: 71.4 (5)
  [1] sc:3613 lt:33603  rt:0  fl:0 avg_rt: 16.4 (5)
  [2] sc:904 lt:2817  rt:0  fl:0 avg_rt: 11.9 (5)
  [3] sc:265 lt:3457  rt:0  fl:0 avg_rt: 158.3 (80)
  [4] sc:0 lt:3723  rt:0  fl:0 avg_rt: 262.5 (20)
 in 600 sec.

<Raw Results2(sum ver.)>
  [0] sc:4  lt:37210  rt:0  fl:0 
  [1] sc:3613  lt:33603  rt:0  fl:0 
  [2] sc:904  lt:2817  rt:0  fl:0 
  [3] sc:265  lt:3457  rt:0  fl:0 
  [4] sc:0  lt:3723  rt:0  fl:0 

<Constraint Check> (all must be [OK])
 [transaction percentage]
        Payment: 43.48% (>=43.0%) [OK]
   Order-Status: 4.35% (>= 4.0%) [OK]
       Delivery: 4.35% (>= 4.0%) [OK]
    Stock-Level: 4.35% (>= 4.0%) [OK]
 [response time (at least 90% passed)]
      New-Order: 0.01%  [NG] *
        Payment: 9.71%  [NG] *
   Order-Status: 24.29%  [NG] *
       Delivery: 7.12%  [NG] *
    Stock-Level: 0.00%  [NG] *

<TpmC>
                 3721.400 TpmC
