***************************************
*** ###easy### TPC-C Load Generator ***
***************************************
option h with value '127.0.0.1'
option S (socket) with value '/tmp/mysql.sock'
option d with value 'tpcc'
option u with value 'root'
option p with value '1234'
option w with value '20'
option c with value '8'
option r with value '10'
option l with value '600'
<Parameters>
     [server]: 127.0.0.1
     [port]: 3306
     [DBname]: tpcc
       [user]: root
       [pass]: 1234
  [warehouse]: 20
 [connection]: 8
     [rampup]: 10 (sec.)
    [measure]: 600 (sec.)

RAMP-UP TIME.(10 sec.)

MEASURING START.

  10, trx: 817, 95%: 89.987, 99%: 115.436, max_rt: 223.669, 816|101.879, 82|39.854, 82|298.233, 82|358.039
  20, trx: 646, 95%: 132.517, 99%: 224.426, max_rt: 671.695, 650|581.704, 64|31.746, 65|437.421, 65|1007.880
  30, trx: 744, 95%: 100.828, 99%: 126.850, max_rt: 183.626, 744|75.060, 75|35.395, 74|303.226, 74|405.891
  40, trx: 807, 95%: 98.324, 99%: 120.484, max_rt: 155.393, 807|51.398, 81|39.589, 80|252.716, 81|365.172
  50, trx: 756, 95%: 105.174, 99%: 138.271, max_rt: 326.764, 754|160.409, 75|71.483, 76|483.796, 75|428.164
  60, trx: 739, 95%: 111.063, 99%: 140.903, max_rt: 199.076, 738|166.301, 74|41.210, 74|248.410, 75|387.925
  70, trx: 750, 95%: 100.046, 99%: 138.769, max_rt: 266.321, 752|55.827, 75|116.421, 75|259.761, 74|439.283
  80, trx: 603, 95%: 138.106, 99%: 167.368, max_rt: 235.614, 602|130.337, 60|35.608, 61|292.593, 62|540.653
  90, trx: 565, 95%: 137.240, 99%: 173.074, max_rt: 202.722, 566|126.054, 57|59.827, 57|272.893, 55|574.865
 100, trx: 734, 95%: 116.826, 99%: 157.595, max_rt: 204.064, 733|149.324, 73|79.410, 72|298.351, 73|428.692
 110, trx: 615, 95%: 127.650, 99%: 153.360, max_rt: 216.872, 614|113.741, 62|26.034, 62|296.624, 63|441.190
 120, trx: 616, 95%: 131.884, 99%: 153.131, max_rt: 172.476, 615|73.885, 61|67.810, 61|294.641, 60|398.548
 130, trx: 596, 95%: 131.963, 99%: 166.469, max_rt: 202.250, 593|94.273, 60|50.034, 59|273.215, 59|478.275
 140, trx: 583, 95%: 135.242, 99%: 163.603, max_rt: 239.305, 587|70.907, 58|45.334, 60|307.463, 60|481.664
 150, trx: 601, 95%: 132.240, 99%: 171.219, max_rt: 204.963, 599|102.220, 60|41.731, 60|284.754, 59|519.392
 160, trx: 805, 95%: 100.526, 99%: 130.431, max_rt: 204.959, 808|93.800, 80|32.105, 79|265.826, 81|392.960
 170, trx: 608, 95%: 131.490, 99%: 172.505, max_rt: 252.383, 607|139.546, 61|21.160, 62|299.700, 61|499.197
 180, trx: 623, 95%: 127.192, 99%: 152.902, max_rt: 176.073, 625|84.784, 63|56.040, 62|330.001, 62|444.948
 190, trx: 572, 95%: 143.930, 99%: 180.104, max_rt: 218.308, 572|109.908, 57|215.136, 57|354.877, 57|709.182
 200, trx: 605, 95%: 132.874, 99%: 167.568, max_rt: 209.040, 608|118.757, 61|56.626, 61|288.203, 61|452.620
 210, trx: 588, 95%: 134.234, 99%: 167.068, max_rt: 259.433, 583|75.421, 59|47.263, 58|392.899, 59|453.593
 220, trx: 591, 95%: 135.688, 99%: 179.136, max_rt: 216.136, 594|119.320, 59|35.725, 60|266.317, 59|546.590
 230, trx: 579, 95%: 139.268, 99%: 166.768, max_rt: 240.350, 576|104.387, 57|46.401, 58|277.104, 58|498.390
 240, trx: 586, 95%: 127.078, 99%: 165.326, max_rt: 224.627, 588|81.122, 59|33.771, 58|259.704, 59|451.391
 250, trx: 607, 95%: 128.763, 99%: 164.290, max_rt: 210.230, 605|72.480, 60|48.264, 61|309.946, 59|455.049
 260, trx: 593, 95%: 151.716, 99%: 191.961, max_rt: 236.076, 592|114.186, 59|30.760, 59|293.359, 60|465.908
 270, trx: 598, 95%: 130.666, 99%: 162.481, max_rt: 188.295, 601|108.926, 61|47.160, 60|323.144, 60|470.268
 280, trx: 588, 95%: 128.917, 99%: 152.947, max_rt: 180.574, 587|110.210, 59|64.275, 59|254.773, 60|459.882
 290, trx: 602, 95%: 128.763, 99%: 154.419, max_rt: 185.138, 605|111.066, 60|34.075, 61|316.791, 60|441.717
 300, trx: 590, 95%: 128.956, 99%: 167.719, max_rt: 195.269, 585|71.806, 58|38.987, 58|261.766, 58|473.856
 310, trx: 600, 95%: 137.899, 99%: 174.635, max_rt: 192.619, 600|84.780, 61|42.931, 59|310.402, 60|464.258
 320, trx: 564, 95%: 142.302, 99%: 171.065, max_rt: 208.119, 568|150.253, 56|41.408, 57|272.676, 57|529.566
 330, trx: 595, 95%: 141.410, 99%: 159.923, max_rt: 196.081, 593|97.066, 60|44.800, 59|284.116, 59|450.980
 340, trx: 599, 95%: 131.726, 99%: 157.312, max_rt: 195.005, 600|64.347, 59|45.768, 61|282.186, 60|415.937
 350, trx: 597, 95%: 138.977, 99%: 178.333, max_rt: 205.562, 595|87.996, 60|66.676, 60|272.449, 59|519.884
 360, trx: 600, 95%: 136.054, 99%: 156.560, max_rt: 214.936, 602|123.727, 61|41.127, 59|405.139, 61|422.869
 370, trx: 595, 95%: 133.752, 99%: 163.163, max_rt: 191.799, 593|127.900, 58|66.241, 60|280.426, 59|446.068
 380, trx: 570, 95%: 142.089, 99%: 196.908, max_rt: 246.272, 572|167.910, 58|59.138, 57|385.571, 57|690.729
 390, trx: 573, 95%: 145.272, 99%: 178.975, max_rt: 209.750, 572|159.680, 57|37.758, 57|335.381, 57|524.923
 400, trx: 575, 95%: 134.555, 99%: 170.605, max_rt: 215.827, 576|86.363, 57|63.921, 57|344.256, 57|503.872
 410, trx: 586, 95%: 140.272, 99%: 195.791, max_rt: 284.107, 586|246.605, 59|75.213, 59|395.645, 60|593.659
 420, trx: 555, 95%: 141.199, 99%: 180.590, max_rt: 241.734, 557|124.199, 56|33.195, 56|344.852, 56|498.083
 430, trx: 564, 95%: 140.777, 99%: 177.057, max_rt: 229.345, 562|142.286, 56|65.806, 56|322.140, 55|505.005
 440, trx: 648, 95%: 130.431, 99%: 156.420, max_rt: 193.755, 645|121.368, 65|32.962, 65|280.892, 64|496.835
 450, trx: 562, 95%: 146.319, 99%: 165.376, max_rt: 241.343, 564|115.014, 55|47.705, 56|265.975, 57|425.375
 460, trx: 578, 95%: 134.596, 99%: 158.446, max_rt: 179.609, 576|116.201, 58|33.933, 58|300.538, 57|584.488
 470, trx: 569, 95%: 142.857, 99%: 168.222, max_rt: 204.168, 571|77.726, 58|47.048, 57|304.893, 58|447.046
 480, trx: 590, 95%: 134.838, 99%: 169.283, max_rt: 230.114, 590|216.435, 59|43.486, 59|318.226, 60|425.888
 490, trx: 551, 95%: 149.105, 99%: 169.587, max_rt: 265.883, 550|68.252, 55|45.666, 55|329.082, 54|495.789
 500, trx: 552, 95%: 144.189, 99%: 165.129, max_rt: 233.849, 553|115.628, 55|50.531, 55|294.133, 56|463.645
 510, trx: 579, 95%: 139.602, 99%: 162.870, max_rt: 189.412, 582|106.645, 58|42.407, 59|288.325, 58|430.432
 520, trx: 625, 95%: 128.802, 99%: 160.259, max_rt: 204.951, 624|140.779, 63|51.678, 61|296.127, 62|509.682
 530, trx: 636, 95%: 128.647, 99%: 161.850, max_rt: 192.412, 634|81.875, 63|45.841, 65|344.120, 64|471.481
 540, trx: 581, 95%: 136.013, 99%: 170.299, max_rt: 192.291, 581|117.644, 58|108.796, 58|297.389, 59|444.900
 550, trx: 580, 95%: 141.749, 99%: 179.565, max_rt: 203.736, 579|116.765, 58|39.048, 57|257.331, 56|471.592
 560, trx: 574, 95%: 141.962, 99%: 166.369, max_rt: 200.469, 573|106.012, 58|47.985, 58|326.242, 58|501.696
 570, trx: 579, 95%: 133.472, 99%: 158.209, max_rt: 215.633, 583|86.225, 57|61.597, 58|296.692, 57|481.270
 580, trx: 562, 95%: 138.437, 99%: 186.747, max_rt: 223.387, 559|110.007, 57|44.419, 56|267.531, 57|442.265
 590, trx: 565, 95%: 141.241, 99%: 167.268, max_rt: 240.457, 565|125.778, 56|37.645, 56|309.677, 56|442.410
 600, trx: 592, 95%: 133.273, 99%: 163.750, max_rt: 205.755, 592|101.756, 59|46.857, 59|327.588, 59|455.917

STOPPING THREADS........

<Raw Results>
  [0] sc:1 lt:36802  rt:0  fl:0 avg_rt: 70.7 (5)
  [1] sc:2421 lt:34382  rt:0  fl:0 avg_rt: 16.4 (5)
  [2] sc:627 lt:3053  rt:0  fl:0 avg_rt: 12.5 (5)
  [3] sc:177 lt:3503  rt:0  fl:0 avg_rt: 157.1 (80)
  [4] sc:0 lt:3680  rt:0  fl:0 avg_rt: 284.5 (20)
 in 600 sec.

<Raw Results2(sum ver.)>
  [0] sc:1  lt:36802  rt:0  fl:0 
  [1] sc:2421  lt:34382  rt:0  fl:0 
  [2] sc:627  lt:3053  rt:0  fl:0 
  [3] sc:177  lt:3503  rt:0  fl:0 
  [4] sc:0  lt:3680  rt:0  fl:0 

<Constraint Check> (all must be [OK])
 [transaction percentage]
        Payment: 43.48% (>=43.0%) [OK]
   Order-Status: 4.35% (>= 4.0%) [OK]
       Delivery: 4.35% (>= 4.0%) [OK]
    Stock-Level: 4.35% (>= 4.0%) [OK]
 [response time (at least 90% passed)]
      New-Order: 0.00%  [NG] *
        Payment: 6.58%  [NG] *
   Order-Status: 17.04%  [NG] *
       Delivery: 4.81%  [NG] *
    Stock-Level: 0.00%  [NG] *

<TpmC>
                 3680.300 TpmC
