***************************************
*** ###easy### TPC-C Load Generator ***
***************************************
option h with value '127.0.0.1'
option S (socket) with value '/tmp/mysql.sock'
option d with value 'tpcc'
option u with value 'root'
option p with value '1234'
option w with value '20'
option c with value '8'
option r with value '10'
option l with value '600'
<Parameters>
     [server]: 127.0.0.1
     [port]: 3306
     [DBname]: tpcc
       [user]: root
       [pass]: 1234
  [warehouse]: 20
 [connection]: 8
     [rampup]: 10 (sec.)
    [measure]: 600 (sec.)

RAMP-UP TIME.(10 sec.)

MEASURING START.

  10, trx: 961, 95%: 73.678, 99%: 89.987, max_rt: 118.342, 963|92.553, 96|34.070, 98|174.904, 97|269.745
  20, trx: 956, 95%: 79.285, 99%: 93.754, max_rt: 149.249, 958|65.472, 95|22.527, 94|176.246, 95|261.043
  30, trx: 916, 95%: 77.967, 99%: 101.251, max_rt: 130.875, 912|52.809, 92|36.394, 92|164.403, 92|257.633
  40, trx: 926, 95%: 77.920, 99%: 98.944, max_rt: 112.479, 928|55.665, 93|21.004, 93|168.261, 93|262.879
  50, trx: 932, 95%: 80.649, 99%: 95.940, max_rt: 107.407, 931|89.775, 93|24.072, 93|169.225, 93|215.731
  60, trx: 941, 95%: 82.703, 99%: 96.661, max_rt: 145.504, 939|54.521, 93|21.480, 95|183.411, 94|249.828
  70, trx: 920, 95%: 88.095, 99%: 119.622, max_rt: 179.934, 919|45.410, 93|22.063, 90|207.235, 92|277.568
  80, trx: 899, 95%: 87.700, 99%: 108.533, max_rt: 116.416, 899|66.192, 90|23.783, 91|200.714, 90|304.174
  90, trx: 940, 95%: 79.570, 99%: 99.389, max_rt: 120.756, 943|51.150, 94|19.357, 94|168.296, 94|273.205
 100, trx: 869, 95%: 87.359, 99%: 109.906, max_rt: 127.909, 865|93.055, 86|21.000, 87|174.445, 86|275.836
 110, trx: 905, 95%: 84.606, 99%: 105.711, max_rt: 128.284, 907|79.788, 92|26.244, 90|170.881, 91|282.424
 120, trx: 982, 95%: 82.037, 99%: 108.435, max_rt: 164.069, 984|77.359, 98|30.595, 99|190.810, 98|291.392
 130, trx: 933, 95%: 81.988, 99%: 97.796, max_rt: 132.787, 925|63.779, 93|26.879, 93|176.177, 93|291.689
 140, trx: 943, 95%: 84.101, 99%: 105.490, max_rt: 149.123, 949|56.379, 94|21.842, 94|242.950, 94|280.897
 150, trx: 900, 95%: 86.994, 99%: 116.442, max_rt: 136.259, 900|98.634, 90|24.120, 90|195.770, 91|330.909
 160, trx: 883, 95%: 90.500, 99%: 114.507, max_rt: 129.366, 885|97.882, 88|33.487, 88|194.239, 89|309.009
 170, trx: 905, 95%: 84.454, 99%: 106.888, max_rt: 165.309, 905|93.428, 91|18.744, 91|181.061, 90|248.968
 180, trx: 904, 95%: 85.241, 99%: 103.302, max_rt: 147.575, 905|94.383, 90|25.618, 90|172.150, 90|242.042
 190, trx: 909, 95%: 83.649, 99%: 105.490, max_rt: 122.159, 906|56.341, 91|30.041, 92|184.118, 91|251.786
 200, trx: 933, 95%: 84.707, 99%: 99.063, max_rt: 145.681, 935|103.543, 94|21.801, 93|201.871, 93|265.648
 210, trx: 919, 95%: 83.574, 99%: 115.574, max_rt: 164.750, 921|63.740, 92|30.758, 92|181.347, 92|254.313
 220, trx: 917, 95%: 81.182, 99%: 98.501, max_rt: 120.399, 916|80.224, 92|41.037, 91|171.443, 92|266.618
 230, trx: 888, 95%: 86.838, 99%: 110.930, max_rt: 163.715, 883|97.618, 88|22.349, 89|172.799, 88|260.727
 240, trx: 885, 95%: 86.449, 99%: 111.163, max_rt: 125.244, 887|79.229, 88|28.779, 88|174.926, 88|296.777
 250, trx: 914, 95%: 86.423, 99%: 106.792, max_rt: 137.853, 917|75.870, 91|24.152, 92|188.597, 93|261.955
 260, trx: 873, 95%: 93.222, 99%: 113.245, max_rt: 146.677, 870|50.270, 88|28.919, 88|193.151, 87|252.014
 270, trx: 876, 95%: 88.359, 99%: 106.952, max_rt: 133.110, 880|91.198, 88|27.250, 87|200.220, 87|280.283
 280, trx: 894, 95%: 85.343, 99%: 112.772, max_rt: 171.425, 890|73.550, 89|27.488, 90|215.035, 90|280.023
 290, trx: 911, 95%: 82.851, 99%: 108.728, max_rt: 183.867, 910|78.773, 91|30.355, 90|223.908, 90|287.178
 300, trx: 901, 95%: 85.037, 99%: 113.823, max_rt: 147.556, 902|85.137, 91|29.174, 90|204.546, 91|305.641
 310, trx: 862, 95%: 89.477, 99%: 112.907, max_rt: 142.774, 862|80.047, 86|19.315, 87|215.358, 86|294.009
 320, trx: 924, 95%: 87.412, 99%: 112.738, max_rt: 142.846, 927|58.870, 92|19.148, 93|199.871, 92|266.865
 330, trx: 900, 95%: 89.022, 99%: 113.925, max_rt: 205.417, 899|164.749, 90|24.127, 89|193.172, 90|305.362
 340, trx: 956, 95%: 86.630, 99%: 110.070, max_rt: 162.623, 954|59.112, 96|30.657, 96|197.464, 96|270.535
 350, trx: 896, 95%: 90.365, 99%: 112.032, max_rt: 142.933, 897|57.523, 89|27.981, 89|186.839, 90|289.126
 360, trx: 879, 95%: 90.392, 99%: 112.873, max_rt: 150.318, 875|58.001, 88|28.292, 88|218.201, 87|301.481
 370, trx: 836, 95%: 92.472, 99%: 111.097, max_rt: 121.481, 840|89.429, 84|35.332, 84|176.716, 85|268.594
 380, trx: 926, 95%: 87.621, 99%: 105.648, max_rt: 137.224, 927|57.501, 92|30.665, 93|182.481, 92|271.920
 390, trx: 899, 95%: 86.345, 99%: 110.466, max_rt: 134.039, 898|50.768, 90|32.927, 89|174.183, 90|256.114
 400, trx: 885, 95%: 91.317, 99%: 112.569, max_rt: 142.566, 884|51.663, 89|31.476, 89|168.201, 88|342.873
 410, trx: 900, 95%: 84.936, 99%: 99.063, max_rt: 120.902, 899|73.002, 89|32.326, 90|189.751, 89|252.079
 420, trx: 895, 95%: 84.075, 99%: 105.017, max_rt: 137.582, 897|72.062, 90|20.878, 89|155.114, 91|267.992
 430, trx: 902, 95%: 87.937, 99%: 108.273, max_rt: 149.838, 902|71.468, 90|26.125, 91|181.863, 89|278.286
 440, trx: 904, 95%: 87.752, 99%: 113.551, max_rt: 150.170, 904|80.435, 90|29.071, 90|175.786, 92|288.594
 450, trx: 923, 95%: 88.783, 99%: 110.169, max_rt: 142.498, 925|58.531, 93|26.723, 93|189.526, 92|263.920
 460, trx: 1007, 95%: 84.732, 99%: 110.897, max_rt: 146.389, 1004|98.242, 101|32.210, 100|193.350, 101|319.912
 470, trx: 904, 95%: 88.810, 99%: 115.160, max_rt: 175.895, 905|60.092, 90|49.998, 90|234.296, 90|330.767
 480, trx: 825, 95%: 98.501, 99%: 122.082, max_rt: 149.469, 824|64.462, 83|24.665, 83|232.720, 82|317.353
 490, trx: 864, 95%: 88.916, 99%: 105.616, max_rt: 126.603, 865|102.829, 87|27.245, 87|185.687, 87|276.816
 500, trx: 898, 95%: 90.014, 99%: 107.788, max_rt: 129.904, 900|77.831, 88|27.626, 89|216.854, 89|277.277
 510, trx: 853, 95%: 93.194, 99%: 114.062, max_rt: 171.084, 851|66.833, 86|31.800, 86|165.100, 85|291.851
 520, trx: 895, 95%: 90.609, 99%: 111.097, max_rt: 133.596, 896|104.784, 90|34.652, 88|182.140, 90|270.642
 530, trx: 1060, 95%: 83.724, 99%: 105.206, max_rt: 138.152, 1058|113.087, 106|23.239, 106|167.701, 106|287.080
 540, trx: 894, 95%: 87.098, 99%: 108.403, max_rt: 133.300, 896|75.043, 89|23.140, 91|234.419, 90|266.795
 550, trx: 877, 95%: 88.943, 99%: 105.300, max_rt: 140.806, 875|86.780, 88|26.124, 86|171.589, 87|277.207
 560, trx: 862, 95%: 93.083, 99%: 107.659, max_rt: 176.238, 864|84.348, 85|33.982, 87|189.194, 87|254.934
 570, trx: 848, 95%: 91.563, 99%: 109.741, max_rt: 145.352, 848|96.819, 86|32.935, 85|181.077, 85|274.055
 580, trx: 876, 95%: 89.076, 99%: 107.917, max_rt: 142.755, 874|94.651, 87|17.549, 87|185.072, 87|300.574
 590, trx: 873, 95%: 94.120, 99%: 112.536, max_rt: 145.298, 876|72.127, 88|39.858, 88|210.257, 87|270.078
 600, trx: 842, 95%: 92.777, 99%: 116.512, max_rt: 140.287, 841|85.602, 84|22.360, 84|204.327, 84|311.869

STOPPING THREADS........

<Raw Results>
  [0] sc:17 lt:54283  rt:0  fl:0 avg_rt: 49.6 (5)
  [1] sc:6222 lt:48079  rt:0  fl:0 avg_rt: 11.5 (5)
  [2] sc:1773 lt:3657  rt:0  fl:0 avg_rt: 7.8 (5)
  [3] sc:702 lt:4729  rt:0  fl:0 avg_rt: 111.7 (80)
  [4] sc:0 lt:5430  rt:0  fl:0 avg_rt: 168.1 (20)
 in 600 sec.

<Raw Results2(sum ver.)>
  [0] sc:17  lt:54283  rt:0  fl:0 
  [1] sc:6222  lt:48079  rt:0  fl:0 
  [2] sc:1773  lt:3657  rt:0  fl:0 
  [3] sc:702  lt:4729  rt:0  fl:0 
  [4] sc:0  lt:5430  rt:0  fl:0 

<Constraint Check> (all must be [OK])
 [transaction percentage]
        Payment: 43.48% (>=43.0%) [OK]
   Order-Status: 4.35% (>= 4.0%) [OK]
       Delivery: 4.35% (>= 4.0%) [OK]
    Stock-Level: 4.35% (>= 4.0%) [OK]
 [response time (at least 90% passed)]
      New-Order: 0.03%  [NG] *
        Payment: 11.46%  [NG] *
   Order-Status: 32.65%  [NG] *
       Delivery: 12.93%  [NG] *
    Stock-Level: 0.00%  [NG] *

<TpmC>
                 5430.000 TpmC
