***************************************
*** ###easy### TPC-C Load Generator ***
***************************************
option h with value '127.0.0.1'
option S (socket) with value '/tmp/mysql.sock'
option d with value 'tpcc'
option u with value 'root'
option p with value '1234'
option w with value '20'
option c with value '8'
option r with value '10'
option l with value '1200'
<Parameters>
     [server]: 127.0.0.1
     [port]: 3306
     [DBname]: tpcc
       [user]: root
       [pass]: 1234
  [warehouse]: 20
 [connection]: 8
     [rampup]: 10 (sec.)
    [measure]: 1200 (sec.)

RAMP-UP TIME.(10 sec.)

MEASURING START.

  10, trx: 709, 95%: 109.610, 99%: 146.319, max_rt: 172.316, 707|81.279, 71|51.362, 70|286.257, 71|478.718
  20, trx: 769, 95%: 105.017, 99%: 130.979, max_rt: 162.205, 773|65.345, 76|40.429, 77|267.290, 76|451.134
  30, trx: 973, 95%: 83.025, 99%: 102.655, max_rt: 159.639, 969|71.395, 98|20.464, 98|198.758, 98|346.869
  40, trx: 942, 95%: 82.975, 99%: 107.369, max_rt: 145.630, 943|57.450, 94|42.468, 94|213.540, 94|323.487
  50, trx: 863, 95%: 96.256, 99%: 114.335, max_rt: 140.072, 861|104.798, 86|29.371, 87|216.644, 86|401.712
  60, trx: 901, 95%: 87.831, 99%: 111.630, max_rt: 130.912, 899|91.520, 90|27.448, 89|216.147, 91|310.953
  70, trx: 896, 95%: 87.595, 99%: 111.530, max_rt: 147.863, 897|59.851, 89|29.081, 90|196.111, 88|295.183
  80, trx: 750, 95%: 101.920, 99%: 139.101, max_rt: 177.356, 751|97.058, 76|53.734, 75|230.126, 76|378.928
  90, trx: 799, 95%: 107.369, 99%: 135.769, max_rt: 163.015, 796|81.345, 79|55.828, 80|248.017, 80|394.852
 100, trx: 823, 95%: 93.474, 99%: 124.779, max_rt: 160.196, 826|105.669, 83|37.757, 82|226.028, 82|373.676
 110, trx: 1045, 95%: 74.700, 99%: 103.643, max_rt: 138.650, 1042|54.612, 105|28.838, 105|154.828, 105|264.030
 120, trx: 923, 95%: 85.650, 99%: 107.595, max_rt: 157.769, 924|66.498, 91|41.813, 92|221.307, 92|398.447
 130, trx: 892, 95%: 90.068, 99%: 106.187, max_rt: 122.039, 893|86.096, 90|32.828, 89|193.561, 89|329.768
 140, trx: 866, 95%: 92.085, 99%: 115.747, max_rt: 145.702, 870|67.114, 87|32.300, 87|206.102, 87|359.653
 150, trx: 900, 95%: 86.010, 99%: 105.490, max_rt: 130.153, 896|73.081, 89|31.189, 90|225.199, 89|319.037
 160, trx: 680, 95%: 146.013, 99%: 231.870, max_rt: 314.657, 680|152.395, 68|102.636, 68|392.795, 69|795.884
 170, trx: 407, 95%: 210.942, 99%: 295.580, max_rt: 394.004, 406|194.471, 41|107.439, 40|449.796, 41|759.091
 180, trx: 583, 95%: 145.664, 99%: 198.803, max_rt: 240.618, 583|106.837, 59|74.774, 59|347.296, 58|550.034
 190, trx: 610, 95%: 136.912, 99%: 181.077, max_rt: 267.726, 609|89.857, 61|111.635, 60|359.373, 61|513.712
 200, trx: 610, 95%: 124.108, 99%: 165.030, max_rt: 214.910, 616|80.203, 61|70.651, 61|326.542, 61|500.409
 210, trx: 707, 95%: 115.505, 99%: 140.188, max_rt: 195.971, 704|87.595, 70|50.949, 72|287.143, 71|418.256
 220, trx: 707, 95%: 115.263, 99%: 144.059, max_rt: 202.739, 707|64.705, 71|74.436, 71|287.474, 71|405.489
 230, trx: 681, 95%: 116.407, 99%: 142.174, max_rt: 168.103, 682|95.738, 68|40.224, 68|261.477, 67|452.324
 240, trx: 719, 95%: 108.565, 99%: 131.529, max_rt: 175.371, 716|89.421, 72|39.255, 72|226.516, 73|364.484
 250, trx: 668, 95%: 121.753, 99%: 157.265, max_rt: 233.025, 673|89.946, 67|58.838, 67|314.497, 67|452.221
 260, trx: 634, 95%: 122.631, 99%: 149.866, max_rt: 187.396, 632|114.621, 63|57.744, 62|246.811, 62|439.546
 270, trx: 571, 95%: 148.526, 99%: 193.287, max_rt: 293.494, 570|152.786, 57|130.853, 57|430.827, 58|541.549
 280, trx: 553, 95%: 147.772, 99%: 203.804, max_rt: 285.337, 555|111.056, 56|92.888, 56|325.255, 55|591.177
 290, trx: 524, 95%: 158.874, 99%: 204.354, max_rt: 228.476, 521|144.602, 52|81.591, 52|328.976, 52|531.113
 300, trx: 493, 95%: 172.299, 99%: 216.702, max_rt: 278.540, 492|143.611, 49|73.151, 49|412.962, 49|668.527
 310, trx: 467, 95%: 186.244, 99%: 248.098, max_rt: 339.573, 468|194.689, 47|94.498, 47|347.839, 47|687.547
 320, trx: 450, 95%: 189.449, 99%: 250.636, max_rt: 278.550, 451|140.522, 45|126.352, 46|399.782, 46|618.308
 330, trx: 522, 95%: 176.000, 99%: 215.409, max_rt: 290.351, 521|136.016, 52|44.827, 51|344.411, 51|632.671
 340, trx: 521, 95%: 160.980, 99%: 199.399, max_rt: 238.550, 520|149.553, 53|38.489, 52|419.814, 52|534.559
 350, trx: 554, 95%: 146.626, 99%: 183.532, max_rt: 200.224, 557|116.649, 55|77.527, 56|270.277, 56|593.808
 360, trx: 616, 95%: 130.002, 99%: 163.017, max_rt: 218.070, 613|121.280, 61|38.099, 61|334.511, 62|508.140
 370, trx: 645, 95%: 124.480, 99%: 177.322, max_rt: 368.922, 643|123.731, 65|56.470, 64|366.222, 64|454.673
 380, trx: 625, 95%: 134.234, 99%: 159.016, max_rt: 201.227, 629|115.000, 63|75.584, 63|269.964, 63|443.200
 390, trx: 589, 95%: 132.835, 99%: 168.878, max_rt: 231.975, 589|97.914, 58|49.395, 59|308.258, 58|603.033
 400, trx: 545, 95%: 150.675, 99%: 184.690, max_rt: 226.894, 542|99.188, 55|50.752, 55|371.399, 55|560.091
 410, trx: 608, 95%: 136.054, 99%: 198.863, max_rt: 283.311, 611|91.404, 60|51.028, 61|334.272, 61|548.020
 420, trx: 673, 95%: 115.747, 99%: 150.540, max_rt: 186.955, 674|63.571, 68|45.889, 67|262.555, 67|397.568
 430, trx: 668, 95%: 116.896, 99%: 145.969, max_rt: 187.167, 669|80.230, 67|48.767, 67|260.352, 67|404.168
 440, trx: 700, 95%: 115.056, 99%: 153.912, max_rt: 166.481, 701|116.554, 70|39.382, 70|254.813, 71|454.041
 450, trx: 667, 95%: 118.340, 99%: 145.098, max_rt: 163.010, 666|100.848, 66|52.228, 67|271.425, 66|398.213
 460, trx: 659, 95%: 123.441, 99%: 145.359, max_rt: 175.364, 656|98.109, 66|24.554, 65|258.647, 66|448.458
 470, trx: 873, 95%: 92.694, 99%: 125.942, max_rt: 199.308, 873|84.241, 87|48.325, 87|299.883, 86|365.330
 480, trx: 824, 95%: 93.782, 99%: 118.482, max_rt: 168.310, 822|54.875, 83|57.911, 83|214.821, 83|374.133
 490, trx: 845, 95%: 97.737, 99%: 126.585, max_rt: 170.682, 847|90.434, 84|44.837, 84|229.193, 85|428.130
 500, trx: 921, 95%: 85.881, 99%: 101.951, max_rt: 138.638, 923|79.527, 93|45.641, 93|180.893, 91|338.594
 510, trx: 955, 95%: 79.618, 99%: 110.731, max_rt: 138.278, 956|56.265, 95|29.768, 96|216.237, 97|305.279
 520, trx: 593, 95%: 151.580, 99%: 202.043, max_rt: 305.135, 589|188.823, 59|66.224, 58|516.508, 59|802.928
 530, trx: 400, 95%: 209.307, 99%: 304.106, max_rt: 368.174, 403|133.603, 40|71.635, 40|374.397, 40|783.425
 540, trx: 392, 95%: 213.931, 99%: 264.670, max_rt: 348.665, 391|153.971, 39|51.296, 40|413.512, 39|618.026
 550, trx: 446, 95%: 198.684, 99%: 250.037, max_rt: 296.549, 445|194.335, 45|56.735, 45|384.001, 44|601.911
 560, trx: 794, 95%: 115.782, 99%: 175.211, max_rt: 235.595, 797|99.167, 80|60.964, 79|342.599, 80|535.316
 570, trx: 940, 95%: 85.753, 99%: 111.230, max_rt: 158.175, 939|61.368, 94|31.861, 94|202.141, 93|330.315
 580, trx: 949, 95%: 85.625, 99%: 100.286, max_rt: 125.949, 947|63.220, 94|48.950, 95|169.722, 96|306.272
 590, trx: 685, 95%: 122.888, 99%: 154.651, max_rt: 245.999, 682|117.325, 68|68.665, 67|330.429, 68|464.563
 600, trx: 556, 95%: 153.406, 99%: 197.380, max_rt: 258.753, 559|135.876, 57|96.758, 58|307.982, 57|520.397
 610, trx: 491, 95%: 178.440, 99%: 224.493, max_rt: 263.142, 492|180.090, 49|44.979, 48|363.887, 48|588.278
 620, trx: 407, 95%: 210.816, 99%: 290.145, max_rt: 346.560, 405|117.896, 40|106.156, 41|443.649, 40|785.130
 630, trx: 381, 95%: 232.983, 99%: 306.024, max_rt: 442.666, 386|186.678, 39|82.607, 38|390.507, 39|889.124
 640, trx: 345, 95%: 253.655, 99%: 399.923, max_rt: 511.447, 341|237.806, 34|138.438, 34|460.153, 33|825.021
 650, trx: 522, 95%: 189.960, 99%: 293.376, max_rt: 438.218, 527|287.880, 52|58.892, 53|628.258, 54|844.763
 660, trx: 756, 95%: 102.840, 99%: 131.332, max_rt: 159.648, 754|100.175, 76|51.785, 75|287.971, 76|396.533
 670, trx: 860, 95%: 96.026, 99%: 123.737, max_rt: 163.629, 855|63.383, 86|28.291, 85|215.996, 85|314.295
 680, trx: 468, 95%: 307.677, 99%: 551.401, max_rt: 995.380, 475|205.549, 47|56.930, 48|960.502, 47|1847.139
 690, trx: 160, 95%: 489.617, 99%: 606.286, max_rt: 647.657, 156|350.464, 16|149.157, 16|701.422, 16|1564.091
 700, trx: 155, 95%: 487.570, 99%: 507.373, max_rt: 756.561, 151|300.382, 15|109.097, 15|947.078, 15|1902.439
 710, trx: 149, 95%: 507.828, 99%: 581.229, max_rt: 643.859, 153|247.382, 15|147.254, 16|1206.990, 15|1745.532
 720, trx: 574, 95%: 212.018, 99%: 301.929, max_rt: 394.814, 577|304.398, 57|55.363, 57|539.825, 57|897.033
 730, trx: 865, 95%: 91.098, 99%: 106.728, max_rt: 133.760, 864|61.455, 86|35.130, 86|223.815, 88|334.853
 740, trx: 963, 95%: 82.876, 99%: 101.737, max_rt: 204.646, 960|65.221, 97|25.151, 96|265.560, 95|387.260
 750, trx: 666, 95%: 161.366, 99%: 220.563, max_rt: 304.339, 666|199.652, 66|94.471, 67|298.309, 67|703.409
 760, trx: 371, 95%: 231.176, 99%: 282.263, max_rt: 384.177, 372|183.926, 38|97.082, 37|499.974, 38|704.561
 770, trx: 341, 95%: 242.881, 99%: 342.480, max_rt: 403.633, 342|202.946, 34|54.991, 34|458.779, 33|839.041
 780, trx: 389, 95%: 223.488, 99%: 324.710, max_rt: 382.145, 389|148.295, 39|74.129, 39|404.750, 38|749.602
 790, trx: 450, 95%: 190.644, 99%: 229.728, max_rt: 322.567, 448|155.994, 45|59.307, 45|329.864, 46|670.706
 800, trx: 654, 95%: 119.550, 99%: 152.080, max_rt: 180.078, 655|78.210, 65|35.109, 66|241.686, 65|449.580
 810, trx: 670, 95%: 117.036, 99%: 135.973, max_rt: 181.109, 673|104.835, 68|23.792, 67|221.993, 67|423.612
 820, trx: 820, 95%: 95.424, 99%: 121.135, max_rt: 153.382, 816|112.470, 81|54.514, 81|269.366, 82|368.017
 830, trx: 905, 95%: 87.805, 99%: 105.774, max_rt: 148.897, 905|60.286, 91|30.843, 91|190.346, 91|292.295
 840, trx: 864, 95%: 92.666, 99%: 116.687, max_rt: 145.980, 868|57.654, 86|23.645, 86|259.614, 87|291.636
 850, trx: 689, 95%: 124.257, 99%: 175.579, max_rt: 196.043, 688|101.004, 69|122.562, 70|280.673, 68|532.155
 860, trx: 502, 95%: 175.421, 99%: 219.970, max_rt: 301.609, 503|126.806, 50|60.572, 50|308.918, 51|735.784
 870, trx: 365, 95%: 221.026, 99%: 285.151, max_rt: 439.375, 365|181.732, 37|126.741, 37|536.882, 36|753.394
 880, trx: 314, 95%: 262.932, 99%: 401.602, max_rt: 439.209, 311|138.091, 31|96.158, 31|455.762, 31|889.922
 890, trx: 272, 95%: 330.891, 99%: 446.094, max_rt: 542.061, 270|257.914, 27|140.918, 26|756.416, 28|1640.944
 900, trx: 250, 95%: 341.661, 99%: 410.597, max_rt: 448.704, 253|297.424, 25|59.514, 26|550.079, 25|1000.891
 910, trx: 291, 95%: 263.563, 99%: 340.334, max_rt: 448.355, 291|256.504, 30|91.524, 28|649.413, 29|1101.361
 920, trx: 652, 95%: 155.766, 99%: 243.318, max_rt: 353.751, 653|101.705, 65|49.215, 66|554.632, 65|912.557
 930, trx: 908, 95%: 86.968, 99%: 108.143, max_rt: 146.717, 908|51.328, 91|30.781, 91|215.850, 91|293.108
 940, trx: 944, 95%: 81.816, 99%: 99.092, max_rt: 113.771, 939|55.471, 93|38.620, 94|191.546, 94|276.963
 950, trx: 584, 95%: 183.313, 99%: 257.635, max_rt: 353.069, 589|152.867, 59|85.951, 59|415.567, 58|798.551
 960, trx: 296, 95%: 297.711, 99%: 349.941, max_rt: 454.444, 292|190.601, 30|138.032, 28|656.456, 30|1103.775
 970, trx: 278, 95%: 292.850, 99%: 358.423, max_rt: 408.470, 278|290.363, 28|52.412, 29|590.007, 28|1060.135
 980, trx: 324, 95%: 293.728, 99%: 387.316, max_rt: 415.353, 324|155.574, 32|96.563, 32|540.414, 32|899.544
 990, trx: 330, 95%: 248.619, 99%: 308.507, max_rt: 395.104, 333|199.253, 33|88.989, 34|542.638, 33|994.865
1000, trx: 349, 95%: 247.061, 99%: 315.228, max_rt: 639.051, 349|191.881, 35|126.762, 35|450.959, 36|942.018
1010, trx: 347, 95%: 238.915, 99%: 281.167, max_rt: 334.437, 350|195.717, 35|133.007, 34|494.455, 34|928.961
1020, trx: 351, 95%: 245.513, 99%: 299.140, max_rt: 348.722, 348|200.761, 35|53.807, 35|517.872, 35|728.341
1030, trx: 386, 95%: 210.438, 99%: 299.947, max_rt: 392.501, 383|140.099, 38|52.116, 38|580.980, 39|768.656
1040, trx: 385, 95%: 207.187, 99%: 251.237, max_rt: 354.137, 389|144.637, 39|96.270, 39|440.012, 38|763.295
1050, trx: 449, 95%: 182.219, 99%: 238.130, max_rt: 290.625, 443|159.592, 44|87.043, 45|450.257, 45|816.191
1060, trx: 605, 95%: 150.180, 99%: 213.228, max_rt: 242.605, 608|219.158, 61|50.580, 60|246.272, 61|556.327
1070, trx: 850, 95%: 91.044, 99%: 124.331, max_rt: 153.689, 850|55.370, 85|36.496, 85|234.491, 84|326.558
1080, trx: 868, 95%: 92.749, 99%: 130.705, max_rt: 237.281, 869|81.403, 87|30.580, 87|285.577, 87|434.855
1090, trx: 867, 95%: 93.334, 99%: 133.472, max_rt: 165.407, 865|100.259, 87|34.831, 87|269.418, 88|392.766
1100, trx: 935, 95%: 88.174, 99%: 107.434, max_rt: 190.644, 939|80.708, 93|29.510, 94|178.231, 93|333.204
1110, trx: 958, 95%: 83.299, 99%: 106.601, max_rt: 185.879, 958|45.822, 96|31.605, 95|189.590, 96|315.012
1120, trx: 899, 95%: 91.618, 99%: 111.363, max_rt: 127.709, 898|68.855, 90|29.198, 91|194.741, 89|353.072
1130, trx: 940, 95%: 85.497, 99%: 111.530, max_rt: 230.248, 938|61.582, 94|26.022, 93|233.395, 94|322.323
1140, trx: 443, 95%: 301.568, 99%: 541.748, max_rt: 700.552, 444|309.868, 45|99.454, 44|1351.542, 44|1636.565
1150, trx: 948, 95%: 82.727, 99%: 99.807, max_rt: 122.697, 944|68.568, 94|38.629, 95|196.028, 95|319.909
1160, trx: 961, 95%: 80.192, 99%: 98.148, max_rt: 133.128, 966|45.993, 96|26.114, 96|193.018, 97|279.622
1170, trx: 768, 95%: 117.915, 99%: 305.474, max_rt: 442.299, 765|286.426, 76|234.966, 77|454.277, 76|1397.532
1180, trx: 167, 95%: 498.043, 99%: 597.816, max_rt: 599.156, 171|301.600, 18|151.557, 17|1046.797, 17|1963.151
1190, trx: 153, 95%: 561.562, 99%: 699.131, max_rt: 839.253, 152|412.140, 16|98.537, 16|941.944, 15|1596.114
1200, trx: 182, 95%: 449.310, 99%: 600.686, max_rt: 692.251, 180|209.649, 17|198.626, 18|712.557, 18|1501.115

STOPPING THREADS........

<Raw Results>
  [0] sc:2 lt:74914  rt:0  fl:0 avg_rt: 68.7 (5)
  [1] sc:8082 lt:66830  rt:0  fl:0 avg_rt: 16.1 (5)
  [2] sc:1966 lt:5525  rt:0  fl:0 avg_rt: 12.9 (5)
  [3] sc:1120 lt:6372  rt:0  fl:0 avg_rt: 148.0 (80)
  [4] sc:0 lt:7491  rt:0  fl:0 avg_rt: 282.9 (20)
 in 1200 sec.

<Raw Results2(sum ver.)>
  [0] sc:2  lt:74914  rt:0  fl:0 
  [1] sc:8082  lt:66830  rt:0  fl:0 
  [2] sc:1966  lt:5525  rt:0  fl:0 
  [3] sc:1120  lt:6372  rt:0  fl:0 
  [4] sc:0  lt:7491  rt:0  fl:0 

<Constraint Check> (all must be [OK])
 [transaction percentage]
        Payment: 43.48% (>=43.0%) [OK]
   Order-Status: 4.35% (>= 4.0%) [OK]
       Delivery: 4.35% (>= 4.0%) [OK]
    Stock-Level: 4.35% (>= 4.0%) [OK]
 [response time (at least 90% passed)]
      New-Order: 0.00%  [NG] *
        Payment: 10.79%  [NG] *
   Order-Status: 26.24%  [NG] *
       Delivery: 14.95%  [NG] *
    Stock-Level: 0.00%  [NG] *

<TpmC>
                 3745.800 TpmC
