***************************************
*** ###easy### TPC-C Load Generator ***
***************************************
option h with value '127.0.0.1'
option S (socket) with value '/tmp/mysql.sock'
option d with value 'tpcc'
option u with value 'root'
option p with value '1234'
option w with value '20'
option c with value '8'
option r with value '10'
option l with value '600'
<Parameters>
     [server]: 127.0.0.1
     [port]: 3306
     [DBname]: tpcc
       [user]: root
       [pass]: 1234
  [warehouse]: 20
 [connection]: 8
     [rampup]: 10 (sec.)
    [measure]: 600 (sec.)

RAMP-UP TIME.(10 sec.)

MEASURING START.

  10, trx: 1038, 95%: 68.776, 99%: 81.012, max_rt: 106.702, 1040|55.585, 104|28.975, 104|216.355, 105|278.746
  20, trx: 971, 95%: 78.224, 99%: 95.596, max_rt: 120.419, 972|77.363, 98|39.437, 97|205.315, 97|295.683
  30, trx: 1000, 95%: 78.929, 99%: 96.516, max_rt: 168.765, 998|50.450, 98|35.583, 100|204.398, 99|307.310
  40, trx: 971, 95%: 78.599, 99%: 103.736, max_rt: 127.675, 971|50.072, 98|34.338, 97|168.152, 98|278.010
  50, trx: 976, 95%: 79.213, 99%: 96.950, max_rt: 123.039, 976|46.185, 97|29.411, 98|200.698, 97|340.687
  60, trx: 968, 95%: 81.547, 99%: 105.996, max_rt: 158.009, 970|56.004, 98|35.241, 97|181.641, 97|307.897
  70, trx: 934, 95%: 84.176, 99%: 105.585, max_rt: 148.142, 936|49.257, 93|27.712, 94|199.439, 93|279.009
  80, trx: 946, 95%: 84.075, 99%: 103.086, max_rt: 121.209, 947|81.239, 95|26.979, 94|185.937, 95|313.771
  90, trx: 942, 95%: 87.464, 99%: 107.498, max_rt: 146.001, 933|89.108, 94|26.165, 94|147.162, 94|305.603
 100, trx: 939, 95%: 84.885, 99%: 106.665, max_rt: 142.341, 942|66.878, 94|25.029, 93|167.791, 94|318.345
 110, trx: 865, 95%: 99.300, 99%: 123.404, max_rt: 161.976, 867|80.674, 86|36.342, 88|220.208, 86|356.913
 120, trx: 826, 95%: 115.298, 99%: 157.406, max_rt: 239.469, 826|134.600, 83|33.789, 83|249.029, 84|310.521
 130, trx: 756, 95%: 119.586, 99%: 163.310, max_rt: 181.697, 755|89.501, 76|48.020, 74|238.917, 75|354.935
 140, trx: 710, 95%: 132.438, 99%: 157.501, max_rt: 213.018, 707|120.968, 70|43.370, 71|254.872, 71|472.906
 150, trx: 699, 95%: 133.993, 99%: 174.531, max_rt: 252.756, 702|120.495, 70|33.808, 71|245.677, 70|452.903
 160, trx: 738, 95%: 123.515, 99%: 153.406, max_rt: 198.006, 739|100.729, 74|35.844, 73|214.863, 74|410.933
 170, trx: 765, 95%: 125.303, 99%: 169.333, max_rt: 212.370, 766|106.336, 77|90.372, 77|251.900, 76|395.193
 180, trx: 775, 95%: 119.622, 99%: 179.942, max_rt: 256.167, 773|117.471, 77|75.098, 77|237.103, 77|483.682
 190, trx: 627, 95%: 153.452, 99%: 206.754, max_rt: 304.588, 628|239.487, 63|76.266, 63|343.629, 63|593.563
 200, trx: 566, 95%: 170.350, 99%: 243.755, max_rt: 289.190, 564|120.510, 57|45.665, 56|350.251, 57|433.145
 210, trx: 530, 95%: 190.359, 99%: 257.557, max_rt: 361.336, 529|148.441, 52|40.318, 54|291.287, 53|657.281
 220, trx: 536, 95%: 191.387, 99%: 246.691, max_rt: 377.199, 538|222.850, 54|83.152, 53|347.541, 53|531.652
 230, trx: 540, 95%: 206.816, 99%: 253.428, max_rt: 325.167, 539|134.809, 54|87.028, 54|419.180, 54|531.923
 240, trx: 583, 95%: 152.627, 99%: 200.777, max_rt: 250.937, 584|140.058, 58|80.451, 59|269.091, 59|496.325
 250, trx: 608, 95%: 151.444, 99%: 206.568, max_rt: 309.804, 609|138.149, 62|77.369, 60|289.791, 60|453.679
 260, trx: 714, 95%: 130.236, 99%: 190.530, max_rt: 255.230, 713|100.381, 71|82.580, 72|254.703, 72|391.106
 270, trx: 696, 95%: 143.715, 99%: 181.946, max_rt: 225.128, 695|119.457, 69|79.103, 69|261.092, 70|363.160
 280, trx: 740, 95%: 117.528, 99%: 145.926, max_rt: 183.181, 741|129.717, 75|84.411, 75|285.545, 74|402.015
 290, trx: 695, 95%: 128.840, 99%: 155.347, max_rt: 281.657, 691|115.144, 69|77.939, 69|287.902, 69|433.995
 300, trx: 679, 95%: 139.602, 99%: 175.369, max_rt: 230.418, 685|105.204, 67|80.352, 68|260.937, 68|474.028
 310, trx: 623, 95%: 140.608, 99%: 190.987, max_rt: 251.483, 618|126.864, 63|90.987, 62|319.108, 62|474.514
 320, trx: 558, 95%: 161.173, 99%: 203.195, max_rt: 298.201, 558|117.335, 55|89.288, 56|360.505, 55|469.850
 330, trx: 572, 95%: 160.259, 99%: 210.879, max_rt: 291.211, 572|124.536, 57|82.283, 57|331.845, 58|622.111
 340, trx: 609, 95%: 154.697, 99%: 203.743, max_rt: 265.446, 615|120.821, 62|84.047, 61|331.859, 62|457.673
 350, trx: 630, 95%: 165.129, 99%: 224.158, max_rt: 277.465, 624|119.489, 63|45.698, 63|311.187, 62|440.237
 360, trx: 636, 95%: 157.642, 99%: 198.268, max_rt: 284.931, 639|144.104, 64|84.715, 64|297.499, 64|418.925
 370, trx: 593, 95%: 177.854, 99%: 256.097, max_rt: 342.474, 590|279.108, 58|84.784, 58|352.770, 58|491.277
 380, trx: 623, 95%: 152.262, 99%: 195.732, max_rt: 247.964, 626|153.717, 63|80.833, 63|333.416, 63|608.145
 390, trx: 624, 95%: 155.766, 99%: 238.344, max_rt: 377.907, 626|121.578, 62|82.410, 63|383.392, 63|504.751
 400, trx: 591, 95%: 160.115, 99%: 235.860, max_rt: 293.610, 591|140.841, 60|69.048, 59|335.910, 60|590.632
 410, trx: 644, 95%: 154.235, 99%: 214.123, max_rt: 268.265, 645|120.705, 64|93.751, 64|270.269, 64|606.269
 420, trx: 624, 95%: 158.020, 99%: 238.486, max_rt: 359.737, 620|137.669, 62|126.444, 62|331.219, 61|490.236
 430, trx: 616, 95%: 154.604, 99%: 210.942, max_rt: 245.962, 619|117.927, 62|120.127, 62|257.707, 63|455.126
 440, trx: 610, 95%: 161.995, 99%: 218.134, max_rt: 333.587, 610|104.163, 61|135.182, 61|326.585, 61|583.781
 450, trx: 633, 95%: 151.082, 99%: 202.466, max_rt: 277.507, 632|151.943, 63|97.003, 63|334.720, 62|497.694
 460, trx: 646, 95%: 146.232, 99%: 207.622, max_rt: 284.393, 641|125.974, 64|80.170, 65|301.662, 64|448.799
 470, trx: 634, 95%: 161.898, 99%: 235.719, max_rt: 280.975, 638|141.070, 64|125.555, 63|340.587, 65|538.269
 480, trx: 646, 95%: 155.673, 99%: 222.553, max_rt: 349.928, 644|186.279, 65|43.975, 65|326.519, 64|530.500
 490, trx: 597, 95%: 157.925, 99%: 236.708, max_rt: 307.768, 594|198.828, 59|56.262, 59|347.447, 61|478.785
 500, trx: 549, 95%: 186.412, 99%: 238.415, max_rt: 354.995, 553|175.098, 55|143.987, 55|323.763, 54|649.618
 510, trx: 506, 95%: 204.232, 99%: 294.520, max_rt: 342.443, 504|187.233, 51|100.348, 51|444.893, 50|534.006
 520, trx: 477, 95%: 196.202, 99%: 294.167, max_rt: 409.387, 478|141.661, 47|93.524, 48|415.078, 48|549.444
 530, trx: 469, 95%: 204.905, 99%: 258.407, max_rt: 311.863, 470|157.188, 48|131.972, 47|291.801, 48|518.025
 540, trx: 521, 95%: 186.691, 99%: 230.279, max_rt: 338.924, 522|157.157, 51|96.489, 51|297.034, 51|651.639
 550, trx: 560, 95%: 179.834, 99%: 224.426, max_rt: 299.044, 563|136.110, 57|40.357, 57|393.866, 56|448.573
 560, trx: 616, 95%: 149.507, 99%: 199.817, max_rt: 300.568, 614|134.387, 61|75.034, 61|315.392, 62|480.030
 570, trx: 615, 95%: 149.597, 99%: 195.498, max_rt: 290.963, 614|129.089, 62|95.740, 61|344.687, 61|548.806
 580, trx: 644, 95%: 143.328, 99%: 181.457, max_rt: 225.265, 648|141.737, 64|80.568, 65|349.323, 65|409.244
 590, trx: 671, 95%: 145.620, 99%: 188.940, max_rt: 213.995, 665|129.304, 67|88.846, 67|241.526, 66|439.693
 600, trx: 635, 95%: 145.055, 99%: 219.838, max_rt: 346.006, 637|147.161, 64|31.853, 64|349.157, 64|531.346

STOPPING THREADS........

<Raw Results>
  [0] sc:5 lt:41300  rt:0  fl:0 avg_rt: 65.3 (5)
  [1] sc:7005 lt:34301  rt:0  fl:0 avg_rt: 14.8 (5)
  [2] sc:1339 lt:2792  rt:0  fl:0 avg_rt: 11.5 (5)
  [3] sc:403 lt:3728  rt:0  fl:0 avg_rt: 139.4 (80)
  [4] sc:0 lt:4131  rt:0  fl:0 avg_rt: 229.3 (20)
 in 600 sec.

<Raw Results2(sum ver.)>
  [0] sc:5  lt:41300  rt:0  fl:0 
  [1] sc:7005  lt:34302  rt:0  fl:0 
  [2] sc:1339  lt:2792  rt:0  fl:0 
  [3] sc:403  lt:3728  rt:0  fl:0 
  [4] sc:0  lt:4131  rt:0  fl:0 

<Constraint Check> (all must be [OK])
 [transaction percentage]
        Payment: 43.48% (>=43.0%) [OK]
   Order-Status: 4.35% (>= 4.0%) [OK]
       Delivery: 4.35% (>= 4.0%) [OK]
    Stock-Level: 4.35% (>= 4.0%) [OK]
 [response time (at least 90% passed)]
      New-Order: 0.01%  [NG] *
        Payment: 16.96%  [NG] *
   Order-Status: 32.41%  [NG] *
       Delivery: 9.76%  [NG] *
    Stock-Level: 0.00%  [NG] *

<TpmC>
                 4130.500 TpmC
