***************************************
*** ###easy### TPC-C Load Generator ***
***************************************
option h with value '127.0.0.1'
option S (socket) with value '/tmp/mysql.sock'
option d with value 'tpcc'
option u with value 'root'
option p with value '1234'
option w with value '20'
option c with value '8'
option r with value '10'
option l with value '600'
<Parameters>
     [server]: 127.0.0.1
     [port]: 3306
     [DBname]: tpcc
       [user]: root
       [pass]: 1234
  [warehouse]: 20
 [connection]: 8
     [rampup]: 10 (sec.)
    [measure]: 600 (sec.)

RAMP-UP TIME.(10 sec.)

MEASURING START.

  10, trx: 814, 95%: 102.963, 99%: 158.636, max_rt: 278.931, 813|186.467, 81|78.347, 82|283.829, 81|482.549
  20, trx: 879, 95%: 85.497, 99%: 104.735, max_rt: 132.363, 883|63.975, 88|27.507, 88|171.086, 88|356.169
  30, trx: 775, 95%: 116.582, 99%: 209.119, max_rt: 348.477, 771|241.212, 78|20.540, 76|265.709, 78|579.163
  40, trx: 982, 95%: 82.209, 99%: 100.016, max_rt: 146.053, 981|46.885, 98|29.779, 99|225.426, 98|350.194
  50, trx: 1056, 95%: 76.076, 99%: 101.464, max_rt: 210.437, 1056|88.952, 106|20.005, 106|166.212, 106|249.573
  60, trx: 1025, 95%: 78.435, 99%: 101.859, max_rt: 124.147, 1025|64.774, 102|20.953, 102|188.756, 101|242.460
  70, trx: 962, 95%: 81.669, 99%: 127.841, max_rt: 246.005, 963|66.339, 97|62.330, 97|315.194, 98|278.682
  80, trx: 1011, 95%: 82.579, 99%: 119.515, max_rt: 234.401, 1011|61.404, 101|53.273, 101|187.768, 100|251.172
  90, trx: 1023, 95%: 80.818, 99%: 105.743, max_rt: 131.946, 1022|65.156, 102|35.147, 101|180.918, 103|245.354
 100, trx: 964, 95%: 85.804, 99%: 119.729, max_rt: 315.094, 965|64.476, 96|62.656, 98|356.303, 96|353.037
 110, trx: 987, 95%: 80.240, 99%: 128.763, max_rt: 339.599, 988|111.790, 100|32.032, 99|337.473, 99|402.820
 120, trx: 1016, 95%: 76.831, 99%: 92.749, max_rt: 119.359, 1012|57.472, 100|29.525, 100|230.739, 101|224.196
 130, trx: 1015, 95%: 77.827, 99%: 111.163, max_rt: 175.874, 1014|70.594, 102|29.188, 101|224.211, 102|254.523
 140, trx: 1020, 95%: 78.247, 99%: 93.306, max_rt: 110.799, 1024|89.379, 103|32.585, 103|168.652, 101|234.398
 150, trx: 950, 95%: 86.397, 99%: 142.601, max_rt: 249.922, 951|165.082, 94|127.089, 95|284.777, 96|371.908
 160, trx: 995, 95%: 84.555, 99%: 102.716, max_rt: 205.408, 993|69.286, 100|42.105, 100|267.954, 100|308.562
 170, trx: 865, 95%: 97.299, 99%: 134.838, max_rt: 214.944, 867|102.811, 87|27.419, 87|288.750, 86|484.931
 180, trx: 801, 95%: 118.234, 99%: 168.171, max_rt: 222.992, 799|130.531, 79|40.746, 80|301.334, 80|366.361
 190, trx: 964, 95%: 86.708, 99%: 103.271, max_rt: 143.882, 965|55.503, 96|27.754, 95|226.508, 96|246.652
 200, trx: 945, 95%: 85.471, 99%: 116.687, max_rt: 168.074, 946|102.339, 95|51.044, 95|219.769, 95|326.115
 210, trx: 946, 95%: 94.912, 99%: 123.257, max_rt: 204.404, 947|94.892, 95|51.086, 95|253.168, 95|270.709
 220, trx: 927, 95%: 92.195, 99%: 117.387, max_rt: 168.215, 925|51.694, 92|40.985, 93|186.974, 92|271.954
 230, trx: 964, 95%: 85.933, 99%: 113.076, max_rt: 155.342, 957|73.338, 96|31.184, 95|197.248, 97|278.642
 240, trx: 974, 95%: 84.859, 99%: 122.301, max_rt: 323.662, 979|81.750, 98|28.553, 98|374.488, 97|409.580
 250, trx: 955, 95%: 86.371, 99%: 102.532, max_rt: 136.379, 955|72.270, 96|29.146, 96|190.672, 96|245.440
 260, trx: 875, 95%: 91.837, 99%: 110.367, max_rt: 140.718, 879|48.581, 87|43.965, 87|176.090, 88|275.765
 270, trx: 844, 95%: 97.387, 99%: 115.160, max_rt: 158.142, 842|72.685, 85|27.618, 84|206.896, 83|272.260
 280, trx: 850, 95%: 97.328, 99%: 113.925, max_rt: 155.215, 853|53.419, 85|35.488, 86|229.075, 85|281.822
 290, trx: 797, 95%: 100.046, 99%: 132.358, max_rt: 192.039, 792|70.054, 79|29.677, 79|229.681, 79|293.102
 300, trx: 840, 95%: 95.339, 99%: 112.671, max_rt: 169.892, 844|71.272, 85|38.857, 85|234.275, 85|288.108
 310, trx: 818, 95%: 101.372, 99%: 127.421, max_rt: 178.946, 816|71.370, 81|37.344, 81|207.248, 82|348.066
 320, trx: 786, 95%: 101.433, 99%: 130.783, max_rt: 153.010, 788|99.429, 79|37.212, 79|247.983, 79|288.484
 330, trx: 841, 95%: 100.286, 99%: 129.342, max_rt: 182.156, 837|85.533, 84|28.765, 85|227.468, 84|283.991
 340, trx: 878, 95%: 92.916, 99%: 120.773, max_rt: 170.083, 882|71.085, 88|31.403, 87|231.956, 88|288.728
 350, trx: 968, 95%: 87.072, 99%: 101.403, max_rt: 130.167, 965|64.633, 96|26.436, 96|199.141, 96|291.765
 360, trx: 992, 95%: 80.842, 99%: 112.873, max_rt: 292.523, 994|116.071, 100|29.928, 99|177.830, 99|319.248
 370, trx: 990, 95%: 86.371, 99%: 110.169, max_rt: 140.807, 986|63.087, 99|24.170, 99|176.373, 99|251.173
 380, trx: 911, 95%: 87.963, 99%: 100.647, max_rt: 121.595, 913|62.599, 90|22.115, 91|178.376, 92|242.054
 390, trx: 977, 95%: 77.039, 99%: 92.888, max_rt: 126.518, 977|82.966, 98|29.647, 98|168.839, 97|216.189
 400, trx: 1005, 95%: 81.158, 99%: 107.177, max_rt: 140.847, 1004|70.834, 101|21.101, 101|198.258, 101|258.454
 410, trx: 954, 95%: 87.359, 99%: 107.982, max_rt: 129.714, 955|61.056, 95|25.236, 95|186.771, 95|243.321
 420, trx: 946, 95%: 83.724, 99%: 109.544, max_rt: 122.362, 946|44.073, 95|32.191, 95|161.373, 95|244.371
 430, trx: 909, 95%: 89.396, 99%: 113.619, max_rt: 160.033, 912|79.645, 91|31.170, 91|206.629, 90|270.145
 440, trx: 932, 95%: 89.022, 99%: 122.338, max_rt: 313.538, 931|230.684, 93|19.229, 93|203.577, 95|312.817
 450, trx: 951, 95%: 86.268, 99%: 112.367, max_rt: 128.986, 951|95.406, 95|21.707, 96|187.279, 94|232.969
 460, trx: 1000, 95%: 88.068, 99%: 111.496, max_rt: 151.642, 999|69.262, 100|51.946, 99|189.477, 100|286.343
 470, trx: 923, 95%: 85.650, 99%: 101.069, max_rt: 153.950, 922|57.029, 93|22.010, 93|180.978, 92|254.425
 480, trx: 950, 95%: 85.241, 99%: 102.532, max_rt: 141.128, 952|86.395, 94|27.696, 94|182.707, 95|287.615
 490, trx: 995, 95%: 85.471, 99%: 104.047, max_rt: 120.570, 998|48.504, 101|47.929, 101|181.099, 100|262.536
 500, trx: 933, 95%: 81.914, 99%: 110.169, max_rt: 203.539, 933|174.853, 92|29.379, 93|205.480, 94|246.243
 510, trx: 947, 95%: 84.961, 99%: 131.097, max_rt: 278.062, 943|168.709, 95|27.320, 94|340.761, 94|304.788
 520, trx: 906, 95%: 87.805, 99%: 118.375, max_rt: 334.786, 903|161.706, 90|36.464, 90|270.410, 90|350.340
 530, trx: 949, 95%: 83.299, 99%: 111.130, max_rt: 185.758, 952|290.209, 95|122.177, 95|325.618, 95|377.567
 540, trx: 1087, 95%: 76.808, 99%: 94.798, max_rt: 107.515, 1086|64.830, 109|37.353, 109|172.405, 109|238.307
 550, trx: 953, 95%: 83.874, 99%: 104.609, max_rt: 142.332, 956|55.509, 95|48.887, 96|198.053, 95|269.660
 560, trx: 952, 95%: 87.255, 99%: 105.206, max_rt: 125.992, 952|61.432, 96|29.265, 94|184.796, 94|272.560
 570, trx: 947, 95%: 87.464, 99%: 107.466, max_rt: 126.636, 947|50.215, 95|28.228, 96|181.142, 97|245.352
 580, trx: 937, 95%: 84.201, 99%: 110.964, max_rt: 131.259, 936|66.372, 93|63.333, 93|178.107, 93|244.851
 590, trx: 934, 95%: 82.826, 99%: 106.952, max_rt: 188.583, 933|67.321, 93|35.474, 94|213.801, 94|277.450
 600, trx: 989, 95%: 84.859, 99%: 107.016, max_rt: 137.146, 988|49.504, 99|32.568, 98|191.782, 98|266.923

STOPPING THREADS........

<Raw Results>
  [0] sc:13 lt:56268  rt:0  fl:0 avg_rt: 48.2 (5)
  [1] sc:7177 lt:49102  rt:0  fl:0 avg_rt: 11.2 (5)
  [2] sc:1556 lt:4072  rt:0  fl:0 avg_rt: 8.4 (5)
  [3] sc:996 lt:4632  rt:0  fl:0 avg_rt: 109.5 (80)
  [4] sc:0 lt:5628  rt:0  fl:0 avg_rt: 156.0 (20)
 in 600 sec.

<Raw Results2(sum ver.)>
  [0] sc:13  lt:56268  rt:0  fl:0 
  [1] sc:7177  lt:49102  rt:0  fl:0 
  [2] sc:1556  lt:4072  rt:0  fl:0 
  [3] sc:996  lt:4632  rt:0  fl:0 
  [4] sc:0  lt:5628  rt:0  fl:0 

<Constraint Check> (all must be [OK])
 [transaction percentage]
        Payment: 43.48% (>=43.0%) [OK]
   Order-Status: 4.35% (>= 4.0%) [OK]
       Delivery: 4.35% (>= 4.0%) [OK]
    Stock-Level: 4.35% (>= 4.0%) [OK]
 [response time (at least 90% passed)]
      New-Order: 0.02%  [NG] *
        Payment: 12.75%  [NG] *
   Order-Status: 27.65%  [NG] *
       Delivery: 17.70%  [NG] *
    Stock-Level: 0.00%  [NG] *

<TpmC>
                 5628.100 TpmC
