***************************************
*** ###easy### TPC-C Load Generator ***
***************************************
option h with value '127.0.0.1'
option S (socket) with value '/tmp/mysql.sock'
option d with value 'tpcc'
option u with value 'root'
option p with value '1234'
option w with value '20'
option c with value '8'
option r with value '10'
option l with value '600'
<Parameters>
     [server]: 127.0.0.1
     [port]: 3306
     [DBname]: tpcc
       [user]: root
       [pass]: 1234
  [warehouse]: 20
 [connection]: 8
     [rampup]: 10 (sec.)
    [measure]: 600 (sec.)

RAMP-UP TIME.(10 sec.)

MEASURING START.

  10, trx: 693, 95%: 104.923, 99%: 123.737, max_rt: 157.644, 697|80.032, 70|46.943, 70|226.598, 69|366.027
  20, trx: 724, 95%: 97.913, 99%: 111.697, max_rt: 148.324, 717|72.652, 72|29.063, 72|224.655, 72|320.756
  30, trx: 689, 95%: 105.869, 99%: 127.459, max_rt: 157.219, 690|65.248, 69|49.717, 68|250.087, 68|311.266
  40, trx: 658, 95%: 113.789, 99%: 138.395, max_rt: 175.396, 659|77.830, 66|25.579, 66|256.060, 66|439.981
  50, trx: 681, 95%: 113.178, 99%: 142.430, max_rt: 162.612, 681|104.017, 68|32.260, 68|242.094, 69|344.626
  60, trx: 681, 95%: 113.891, 99%: 136.707, max_rt: 173.991, 681|66.162, 68|23.478, 68|237.857, 68|364.858
  70, trx: 669, 95%: 113.110, 99%: 145.795, max_rt: 208.488, 671|90.294, 67|22.632, 67|238.480, 67|360.812
  80, trx: 692, 95%: 108.046, 99%: 140.188, max_rt: 157.964, 690|76.511, 69|41.075, 69|235.323, 68|333.402
  90, trx: 683, 95%: 117.071, 99%: 154.929, max_rt: 180.063, 682|67.285, 68|35.422, 69|282.179, 69|344.836
 100, trx: 718, 95%: 111.831, 99%: 140.104, max_rt: 177.690, 720|67.339, 72|23.642, 71|276.199, 72|333.732
 110, trx: 718, 95%: 111.898, 99%: 146.188, max_rt: 183.172, 717|71.775, 72|33.142, 72|243.183, 71|354.980
 120, trx: 740, 95%: 108.825, 99%: 140.482, max_rt: 154.939, 739|78.387, 74|27.947, 74|239.279, 75|366.525
 130, trx: 676, 95%: 114.507, 99%: 137.693, max_rt: 200.862, 678|109.903, 68|31.662, 68|257.649, 68|396.295
 140, trx: 675, 95%: 118.269, 99%: 141.919, max_rt: 217.576, 673|107.389, 68|40.208, 67|210.567, 67|354.766
 150, trx: 733, 95%: 109.381, 99%: 137.817, max_rt: 162.250, 732|67.403, 72|40.728, 73|203.632, 72|323.835
 160, trx: 723, 95%: 118.801, 99%: 149.597, max_rt: 185.462, 725|62.287, 73|35.365, 73|243.754, 74|382.760
 170, trx: 664, 95%: 117.457, 99%: 144.751, max_rt: 206.992, 664|122.081, 66|31.665, 66|271.913, 66|397.861
 180, trx: 666, 95%: 118.163, 99%: 142.217, max_rt: 168.919, 666|79.847, 67|46.902, 67|305.777, 66|350.491
 190, trx: 642, 95%: 122.852, 99%: 147.993, max_rt: 208.871, 644|77.450, 64|26.080, 65|253.979, 65|371.972
 200, trx: 674, 95%: 122.631, 99%: 163.066, max_rt: 175.459, 673|95.704, 67|36.712, 67|261.243, 68|339.696
 210, trx: 661, 95%: 115.367, 99%: 140.903, max_rt: 214.685, 659|103.118, 66|28.062, 65|264.113, 65|333.578
 220, trx: 629, 95%: 126.964, 99%: 177.588, max_rt: 256.396, 633|125.112, 64|56.123, 64|297.390, 64|398.294
 230, trx: 663, 95%: 117.880, 99%: 139.060, max_rt: 192.986, 662|65.681, 66|26.597, 66|265.667, 65|328.366
 240, trx: 669, 95%: 114.370, 99%: 142.089, max_rt: 161.339, 670|77.736, 67|34.586, 66|226.343, 68|475.435
 250, trx: 668, 95%: 115.574, 99%: 139.101, max_rt: 172.625, 662|97.627, 66|30.398, 67|260.271, 66|377.578
 260, trx: 635, 95%: 118.269, 99%: 150.991, max_rt: 233.420, 638|51.635, 64|26.123, 64|244.296, 65|389.966
 270, trx: 767, 95%: 115.022, 99%: 143.114, max_rt: 172.588, 769|81.226, 77|60.786, 77|247.911, 76|355.978
 280, trx: 874, 95%: 99.538, 99%: 132.319, max_rt: 229.135, 872|67.502, 86|24.687, 87|239.862, 87|356.540
 290, trx: 1414, 95%: 56.667, 99%: 71.206, max_rt: 89.496, 1412|57.645, 142|22.385, 141|124.635, 142|186.185
 300, trx: 1304, 95%: 61.713, 99%: 81.401, max_rt: 103.755, 1306|45.073, 131|24.782, 131|151.825, 128|213.251
 310, trx: 1387, 95%: 55.725, 99%: 69.709, max_rt: 239.382, 1388|57.295, 138|18.633, 139|226.755, 140|308.477
 320, trx: 1381, 95%: 57.332, 99%: 71.892, max_rt: 111.433, 1375|59.836, 139|24.186, 138|149.296, 138|189.043
 330, trx: 1499, 95%: 56.820, 99%: 73.348, max_rt: 95.874, 1507|32.224, 150|23.303, 150|135.421, 150|216.040
 340, trx: 1405, 95%: 58.494, 99%: 76.190, max_rt: 98.595, 1397|48.998, 140|19.137, 140|119.410, 140|202.782
 350, trx: 1354, 95%: 61.015, 99%: 77.223, max_rt: 103.952, 1360|44.997, 136|45.897, 136|137.813, 136|276.529
 360, trx: 967, 95%: 81.596, 99%: 109.774, max_rt: 129.475, 968|98.109, 96|50.179, 96|197.879, 96|302.952
 370, trx: 887, 95%: 91.317, 99%: 114.267, max_rt: 156.929, 883|81.718, 88|24.117, 89|185.631, 90|265.247
 380, trx: 881, 95%: 92.805, 99%: 124.966, max_rt: 153.982, 881|61.361, 89|30.348, 88|221.558, 88|275.457
 390, trx: 880, 95%: 90.962, 99%: 114.199, max_rt: 141.987, 880|76.521, 88|25.962, 87|189.475, 87|277.599
 400, trx: 925, 95%: 89.343, 99%: 104.703, max_rt: 154.241, 929|50.495, 93|37.599, 94|191.477, 93|290.980
 410, trx: 894, 95%: 92.140, 99%: 116.338, max_rt: 142.920, 892|68.564, 89|49.682, 89|166.751, 89|337.827
 420, trx: 945, 95%: 88.730, 99%: 110.997, max_rt: 144.574, 946|84.148, 94|33.017, 95|202.575, 95|285.754
 430, trx: 893, 95%: 91.536, 99%: 113.415, max_rt: 149.888, 888|62.711, 89|24.748, 88|173.585, 89|370.381
 440, trx: 898, 95%: 85.856, 99%: 109.709, max_rt: 161.219, 906|55.465, 90|21.470, 90|167.620, 90|267.146
 450, trx: 916, 95%: 90.582, 99%: 112.099, max_rt: 142.599, 910|74.335, 92|30.565, 92|241.930, 91|321.623
 460, trx: 984, 95%: 90.392, 99%: 104.328, max_rt: 136.145, 988|55.424, 99|35.997, 98|220.100, 99|274.246
 470, trx: 994, 95%: 85.190, 99%: 112.367, max_rt: 132.333, 990|80.225, 99|33.613, 101|177.902, 100|304.851
 480, trx: 984, 95%: 83.549, 99%: 110.103, max_rt: 162.131, 986|71.455, 98|28.899, 97|191.815, 98|271.776
 490, trx: 792, 95%: 112.233, 99%: 146.363, max_rt: 205.565, 792|133.671, 79|44.041, 80|194.841, 79|312.794
 500, trx: 764, 95%: 117.739, 99%: 149.641, max_rt: 231.727, 765|123.801, 77|66.685, 76|245.626, 77|330.312
 510, trx: 759, 95%: 122.558, 99%: 151.489, max_rt: 220.552, 754|100.453, 76|61.886, 76|297.046, 76|388.843
 520, trx: 773, 95%: 114.301, 99%: 152.673, max_rt: 235.516, 782|104.660, 78|67.336, 77|217.072, 77|350.406
 530, trx: 774, 95%: 129.653, 99%: 154.743, max_rt: 196.968, 773|121.481, 76|68.758, 77|261.788, 78|394.566
 540, trx: 764, 95%: 123.331, 99%: 158.115, max_rt: 238.739, 759|131.603, 77|80.684, 77|283.897, 75|353.703
 550, trx: 781, 95%: 118.517, 99%: 149.866, max_rt: 235.386, 783|105.134, 78|43.019, 78|284.097, 79|440.440
 560, trx: 807, 95%: 108.565, 99%: 142.643, max_rt: 222.500, 806|100.740, 81|35.930, 80|227.382, 80|405.211
 570, trx: 848, 95%: 103.148, 99%: 133.832, max_rt: 188.490, 846|124.041, 85|36.783, 86|235.484, 86|371.064
 580, trx: 839, 95%: 105.616, 99%: 146.057, max_rt: 226.498, 840|90.000, 83|46.686, 84|198.779, 83|296.478
 590, trx: 845, 95%: 101.890, 99%: 132.715, max_rt: 164.817, 844|91.144, 85|46.379, 83|223.110, 84|337.539
 600, trx: 817, 95%: 100.737, 99%: 130.392, max_rt: 223.254, 818|80.341, 82|42.553, 83|206.831, 82|354.653

STOPPING THREADS........

<Raw Results>
  [0] sc:18 lt:50702  rt:0  fl:0 avg_rt: 53.4 (5)
  [1] sc:7743 lt:42975  rt:0  fl:0 avg_rt: 12.1 (5)
  [2] sc:1656 lt:3417  rt:0  fl:0 avg_rt: 8.8 (5)
  [3] sc:1189 lt:3883  rt:0  fl:0 avg_rt: 117.0 (80)
  [4] sc:0 lt:5071  rt:0  fl:0 avg_rt: 181.9 (20)
 in 600 sec.

<Raw Results2(sum ver.)>
  [0] sc:18  lt:50702  rt:0  fl:0 
  [1] sc:7743  lt:42976  rt:0  fl:0 
  [2] sc:1656  lt:3417  rt:0  fl:0 
  [3] sc:1189  lt:3883  rt:0  fl:0 
  [4] sc:0  lt:5071  rt:0  fl:0 

<Constraint Check> (all must be [OK])
 [transaction percentage]
        Payment: 43.48% (>=43.0%) [OK]
   Order-Status: 4.35% (>= 4.0%) [OK]
       Delivery: 4.35% (>= 4.0%) [OK]
    Stock-Level: 4.35% (>= 4.0%) [OK]
 [response time (at least 90% passed)]
      New-Order: 0.04%  [NG] *
        Payment: 15.27%  [NG] *
   Order-Status: 32.64%  [NG] *
       Delivery: 23.44%  [NG] *
    Stock-Level: 0.00%  [NG] *

<TpmC>
                 5072.000 TpmC
