***************************************
*** ###easy### TPC-C Load Generator ***
***************************************
option h with value '127.0.0.1'
option S (socket) with value '/tmp/mysql.sock'
option d with value 'tpcc'
option u with value 'root'
option p with value '1234'
option w with value '20'
option c with value '8'
option r with value '10'
option l with value '600'
<Parameters>
     [server]: 127.0.0.1
     [port]: 3306
     [DBname]: tpcc
       [user]: root
       [pass]: 1234
  [warehouse]: 20
 [connection]: 8
     [rampup]: 10 (sec.)
    [measure]: 600 (sec.)

RAMP-UP TIME.(10 sec.)

MEASURING START.

  10, trx: 921, 95%: 90.663, 99%: 113.415, max_rt: 176.405, 918|72.874, 92|38.582, 92|184.472, 93|331.492
  20, trx: 922, 95%: 89.745, 99%: 124.592, max_rt: 231.149, 924|121.871, 92|17.546, 92|259.592, 92|465.675
  30, trx: 951, 95%: 85.088, 99%: 103.643, max_rt: 167.372, 951|67.485, 96|36.467, 95|205.423, 94|357.317
  40, trx: 962, 95%: 87.098, 99%: 111.797, max_rt: 162.268, 961|56.469, 95|34.715, 96|179.320, 97|311.999
  50, trx: 819, 95%: 110.400, 99%: 154.096, max_rt: 223.826, 820|136.281, 82|99.273, 82|317.096, 81|381.126
  60, trx: 707, 95%: 152.445, 99%: 207.311, max_rt: 288.431, 709|200.652, 71|125.708, 72|278.661, 72|389.574
  70, trx: 612, 95%: 168.676, 99%: 225.909, max_rt: 383.452, 614|187.900, 62|46.347, 60|338.361, 62|601.755
  80, trx: 540, 95%: 193.925, 99%: 269.386, max_rt: 339.737, 537|139.626, 53|96.218, 55|450.017, 53|453.289
  90, trx: 571, 95%: 160.451, 99%: 221.291, max_rt: 353.595, 569|103.771, 56|136.029, 56|441.685, 57|503.400
 100, trx: 557, 95%: 188.037, 99%: 242.736, max_rt: 334.387, 556|174.612, 57|143.090, 56|353.504, 56|447.142
 110, trx: 551, 95%: 183.807, 99%: 275.419, max_rt: 386.382, 551|297.865, 55|44.327, 56|406.510, 55|449.274
 120, trx: 517, 95%: 197.616, 99%: 266.498, max_rt: 386.670, 518|174.446, 52|133.515, 51|423.881, 51|481.970
 130, trx: 489, 95%: 193.809, 99%: 244.852, max_rt: 354.631, 490|201.759, 49|48.316, 49|435.216, 50|439.107
 140, trx: 535, 95%: 192.306, 99%: 274.350, max_rt: 300.859, 534|139.151, 53|37.128, 54|401.158, 52|502.066
 150, trx: 547, 95%: 186.858, 99%: 248.247, max_rt: 332.151, 550|130.944, 55|84.543, 54|354.787, 56|502.907
 160, trx: 553, 95%: 176.053, 99%: 207.995, max_rt: 256.523, 550|181.986, 55|86.401, 56|310.265, 55|545.627
 170, trx: 596, 95%: 178.600, 99%: 238.701, max_rt: 327.497, 597|180.866, 59|90.653, 59|311.420, 60|545.981
 180, trx: 584, 95%: 180.212, 99%: 240.926, max_rt: 304.133, 585|132.663, 59|86.452, 58|309.829, 59|516.424
 190, trx: 641, 95%: 149.910, 99%: 213.867, max_rt: 248.811, 638|147.963, 64|43.178, 64|301.280, 63|396.058
 200, trx: 595, 95%: 154.790, 99%: 226.994, max_rt: 292.143, 599|142.223, 59|51.285, 60|344.372, 59|450.052
 210, trx: 507, 95%: 202.164, 99%: 274.596, max_rt: 493.796, 506|154.420, 51|79.877, 51|437.632, 51|633.296
 220, trx: 468, 95%: 204.109, 99%: 264.274, max_rt: 385.773, 469|184.569, 47|94.520, 46|382.145, 47|663.828
 230, trx: 469, 95%: 211.765, 99%: 289.971, max_rt: 582.895, 469|200.811, 47|88.263, 47|399.703, 46|494.861
 240, trx: 482, 95%: 214.894, 99%: 275.832, max_rt: 398.616, 478|222.501, 49|76.370, 49|538.818, 49|687.710
 250, trx: 509, 95%: 204.171, 99%: 260.660, max_rt: 346.376, 511|182.668, 50|187.118, 50|443.768, 51|531.411
 260, trx: 492, 95%: 194.856, 99%: 250.187, max_rt: 360.124, 495|184.205, 50|99.487, 50|455.095, 49|691.508
 270, trx: 493, 95%: 198.268, 99%: 291.625, max_rt: 487.963, 493|131.151, 49|94.066, 50|353.163, 49|795.197
 280, trx: 500, 95%: 206.630, 99%: 253.352, max_rt: 405.041, 498|142.817, 50|130.814, 49|441.187, 50|502.993
 290, trx: 564, 95%: 177.481, 99%: 242.445, max_rt: 345.833, 565|171.816, 57|50.000, 56|320.747, 57|489.666
 300, trx: 599, 95%: 165.030, 99%: 234.031, max_rt: 294.683, 594|133.223, 59|138.721, 61|330.869, 59|439.112
 310, trx: 645, 95%: 155.300, 99%: 209.369, max_rt: 408.005, 651|184.399, 65|45.746, 64|328.250, 64|521.736
 320, trx: 728, 95%: 137.076, 99%: 159.493, max_rt: 300.408, 725|135.022, 72|49.740, 73|340.453, 75|441.734
 330, trx: 711, 95%: 147.286, 99%: 210.375, max_rt: 432.868, 712|105.047, 71|44.348, 71|282.251, 70|414.741
 340, trx: 668, 95%: 148.126, 99%: 198.031, max_rt: 346.157, 671|127.710, 68|69.526, 66|351.981, 67|488.586
 350, trx: 656, 95%: 146.495, 99%: 190.758, max_rt: 241.465, 652|172.740, 65|95.298, 65|318.729, 65|490.213
 360, trx: 534, 95%: 190.416, 99%: 250.411, max_rt: 366.621, 534|232.332, 53|99.199, 54|400.602, 54|460.728
 370, trx: 434, 95%: 239.130, 99%: 271.247, max_rt: 307.773, 434|188.889, 43|83.316, 44|457.174, 44|693.638
 380, trx: 355, 95%: 294.785, 99%: 341.354, max_rt: 393.654, 350|193.586, 36|201.654, 35|492.768, 34|606.247
 390, trx: 293, 95%: 345.776, 99%: 397.893, max_rt: 598.695, 298|385.851, 30|146.601, 30|709.969, 30|1339.322
 400, trx: 316, 95%: 318.643, 99%: 402.927, max_rt: 507.867, 316|285.398, 31|133.564, 31|665.395, 32|742.464
 410, trx: 330, 95%: 294.608, 99%: 359.282, max_rt: 512.842, 331|196.159, 33|181.944, 34|641.604, 33|753.012
 420, trx: 468, 95%: 232.147, 99%: 293.464, max_rt: 449.398, 464|184.998, 47|82.251, 46|492.231, 47|499.565
 430, trx: 541, 95%: 196.554, 99%: 252.066, max_rt: 295.717, 542|222.514, 54|86.024, 54|398.341, 54|556.660
 440, trx: 516, 95%: 186.579, 99%: 241.938, max_rt: 291.851, 514|198.982, 51|81.439, 52|383.733, 50|641.961
 450, trx: 572, 95%: 183.917, 99%: 230.141, max_rt: 300.761, 577|186.152, 57|89.806, 57|299.241, 58|409.070
 460, trx: 584, 95%: 160.259, 99%: 232.774, max_rt: 350.934, 582|138.859, 59|99.138, 59|362.902, 59|384.075
 470, trx: 592, 95%: 170.707, 99%: 233.611, max_rt: 311.280, 596|133.041, 60|51.015, 59|324.829, 59|448.187
 480, trx: 608, 95%: 155.812, 99%: 192.652, max_rt: 252.897, 607|185.690, 61|74.398, 60|388.471, 61|405.012
 490, trx: 598, 95%: 172.557, 99%: 238.130, max_rt: 319.619, 597|133.141, 59|120.711, 60|423.224, 60|494.416
 500, trx: 571, 95%: 188.093, 99%: 243.464, max_rt: 372.545, 573|140.309, 57|125.221, 58|388.815, 57|446.436
 510, trx: 580, 95%: 175.211, 99%: 225.639, max_rt: 265.962, 577|188.662, 59|129.674, 58|503.618, 57|537.127
 520, trx: 570, 95%: 184.469, 99%: 246.839, max_rt: 404.127, 566|163.262, 55|107.785, 56|335.327, 58|424.247
 530, trx: 593, 95%: 180.319, 99%: 237.845, max_rt: 284.659, 597|248.721, 61|53.796, 59|350.986, 58|490.730
 540, trx: 607, 95%: 180.265, 99%: 225.639, max_rt: 322.305, 606|192.064, 60|88.302, 62|410.379, 62|437.920
 550, trx: 608, 95%: 159.971, 99%: 210.564, max_rt: 294.975, 607|151.516, 60|79.620, 60|431.639, 61|449.985
 560, trx: 607, 95%: 178.227, 99%: 228.015, max_rt: 307.446, 604|118.212, 61|79.269, 61|334.339, 60|406.136
 570, trx: 663, 95%: 143.328, 99%: 183.862, max_rt: 238.170, 661|138.693, 67|121.942, 65|368.756, 67|405.968
 580, trx: 683, 95%: 146.100, 99%: 191.961, max_rt: 228.251, 689|127.720, 68|29.991, 69|336.637, 68|448.777
 590, trx: 630, 95%: 146.232, 99%: 198.387, max_rt: 251.033, 634|130.053, 64|71.260, 64|293.639, 63|428.109
 600, trx: 664, 95%: 152.581, 99%: 233.611, max_rt: 306.001, 660|95.568, 66|46.040, 66|285.894, 66|379.444

STOPPING THREADS........

<Raw Results>
  [0] sc:6 lt:35173  rt:0  fl:0 avg_rt: 77.4 (5)
  [1] sc:7200 lt:27977  rt:0  fl:0 avg_rt: 17.8 (5)
  [2] sc:1275 lt:2243  rt:0  fl:0 avg_rt: 13.3 (5)
  [3] sc:251 lt:3267  rt:0  fl:0 avg_rt: 170.7 (80)
  [4] sc:0 lt:3518  rt:0  fl:0 avg_rt: 251.5 (20)
 in 600 sec.

<Raw Results2(sum ver.)>
  [0] sc:6  lt:35173  rt:0  fl:0 
  [1] sc:7200  lt:27978  rt:0  fl:0 
  [2] sc:1275  lt:2243  rt:0  fl:0 
  [3] sc:251  lt:3267  rt:0  fl:0 
  [4] sc:0  lt:3518  rt:0  fl:0 

<Constraint Check> (all must be [OK])
 [transaction percentage]
        Payment: 43.48% (>=43.0%) [OK]
   Order-Status: 4.35% (>= 4.0%) [OK]
       Delivery: 4.35% (>= 4.0%) [OK]
    Stock-Level: 4.35% (>= 4.0%) [OK]
 [response time (at least 90% passed)]
      New-Order: 0.02%  [NG] *
        Payment: 20.47%  [NG] *
   Order-Status: 36.24%  [NG] *
       Delivery: 7.13%  [NG] *
    Stock-Level: 0.00%  [NG] *

<TpmC>
                 3517.900 TpmC
