***************************************
*** ###easy### TPC-C Load Generator ***
***************************************
option h with value '127.0.0.1'
option S (socket) with value '/tmp/mysql.sock'
option d with value 'tpcc'
option u with value 'root'
option p with value '1234'
option w with value '20'
option c with value '8'
option r with value '10'
option l with value '600'
<Parameters>
     [server]: 127.0.0.1
     [port]: 3306
     [DBname]: tpcc
       [user]: root
       [pass]: 1234
  [warehouse]: 20
 [connection]: 8
     [rampup]: 10 (sec.)
    [measure]: 600 (sec.)

RAMP-UP TIME.(10 sec.)

MEASURING START.

  10, trx: 1586, 95%: 47.806, 99%: 58.336, max_rt: 94.635, 1582|41.833, 158|27.941, 158|159.087, 159|222.247
  20, trx: 1504, 95%: 47.806, 99%: 55.625, max_rt: 73.734, 1504|41.366, 151|20.535, 151|112.406, 150|143.126
  30, trx: 1416, 95%: 52.518, 99%: 70.422, max_rt: 100.065, 1419|38.538, 141|19.525, 142|118.118, 142|167.805
  40, trx: 1527, 95%: 47.664, 99%: 60.724, max_rt: 87.661, 1526|44.920, 153|21.225, 153|131.336, 152|153.291
  50, trx: 1457, 95%: 49.808, 99%: 61.547, max_rt: 79.479, 1459|47.415, 146|25.325, 145|117.502, 145|173.544
  60, trx: 1432, 95%: 51.691, 99%: 59.234, max_rt: 79.259, 1433|54.549, 143|20.235, 143|132.730, 144|180.946
  70, trx: 1363, 95%: 60.361, 99%: 80.432, max_rt: 156.424, 1361|42.004, 137|14.734, 137|232.431, 137|219.829
  80, trx: 1401, 95%: 59.198, 99%: 72.845, max_rt: 128.370, 1404|68.565, 140|26.155, 140|152.318, 140|196.448
  90, trx: 1448, 95%: 53.968, 99%: 68.879, max_rt: 83.963, 1446|44.650, 144|16.444, 145|133.351, 144|180.731
 100, trx: 1407, 95%: 55.908, 99%: 81.498, max_rt: 268.767, 1405|150.254, 141|121.537, 140|231.393, 141|418.637
 110, trx: 1437, 95%: 54.716, 99%: 71.784, max_rt: 94.986, 1439|44.232, 143|24.551, 144|142.023, 143|188.987
 120, trx: 1470, 95%: 55.825, 99%: 71.505, max_rt: 89.510, 1471|44.474, 148|19.755, 146|125.878, 147|166.502
 130, trx: 1413, 95%: 56.413, 99%: 74.744, max_rt: 101.934, 1411|43.471, 142|19.794, 142|140.665, 142|195.638
 140, trx: 1417, 95%: 57.607, 99%: 77.247, max_rt: 101.119, 1419|57.626, 141|27.300, 142|148.397, 142|262.049
 150, trx: 1452, 95%: 55.425, 99%: 72.627, max_rt: 103.694, 1451|38.671, 145|22.028, 145|133.938, 145|192.392
 160, trx: 1354, 95%: 62.419, 99%: 78.177, max_rt: 95.964, 1354|42.410, 135|29.810, 136|129.927, 135|243.414
 170, trx: 1382, 95%: 58.459, 99%: 76.625, max_rt: 93.661, 1379|49.488, 139|26.520, 138|152.404, 139|193.041
 180, trx: 1424, 95%: 57.728, 99%: 71.270, max_rt: 93.168, 1427|75.313, 142|21.224, 142|127.759, 142|209.679
 190, trx: 1525, 95%: 50.529, 99%: 66.489, max_rt: 113.304, 1522|41.089, 153|22.089, 152|112.875, 152|164.570
 200, trx: 1432, 95%: 52.628, 99%: 71.892, max_rt: 97.985, 1434|43.523, 142|22.405, 143|138.458, 143|154.629
 210, trx: 1387, 95%: 58.075, 99%: 76.373, max_rt: 106.861, 1386|54.546, 139|21.612, 139|143.713, 139|187.359
 220, trx: 1421, 95%: 55.326, 99%: 74.432, max_rt: 90.065, 1421|57.097, 143|23.649, 143|140.580, 142|244.068
 230, trx: 1471, 95%: 56.160, 99%: 70.549, max_rt: 89.711, 1472|56.036, 146|22.084, 146|137.564, 147|184.492
 240, trx: 1469, 95%: 56.143, 99%: 70.275, max_rt: 91.475, 1465|34.184, 147|18.440, 147|124.485, 147|195.390
 250, trx: 1507, 95%: 50.544, 99%: 67.310, max_rt: 105.333, 1506|45.547, 151|25.753, 151|130.306, 151|171.569
 260, trx: 1435, 95%: 56.211, 99%: 71.185, max_rt: 92.531, 1442|47.284, 143|20.832, 143|135.137, 144|204.461
 270, trx: 1445, 95%: 56.905, 99%: 70.422, max_rt: 122.351, 1445|47.066, 145|26.653, 145|140.484, 144|192.636
 280, trx: 1432, 95%: 56.667, 99%: 77.594, max_rt: 104.002, 1431|66.661, 144|18.927, 143|148.180, 143|188.498
 290, trx: 1410, 95%: 55.442, 99%: 78.177, max_rt: 103.311, 1407|45.274, 140|21.022, 141|133.199, 141|196.056
 300, trx: 1399, 95%: 55.925, 99%: 77.062, max_rt: 106.864, 1400|58.066, 140|20.034, 140|137.543, 140|193.479
 310, trx: 1493, 95%: 55.508, 99%: 71.356, max_rt: 113.623, 1493|42.232, 149|33.153, 149|128.737, 149|194.569
 320, trx: 1447, 95%: 53.871, 99%: 68.304, max_rt: 91.732, 1445|61.025, 145|21.843, 145|122.140, 145|224.202
 330, trx: 1411, 95%: 55.858, 99%: 69.480, max_rt: 92.397, 1417|53.030, 142|20.746, 141|151.475, 141|252.101
 340, trx: 1470, 95%: 55.791, 99%: 69.834, max_rt: 86.723, 1470|45.144, 146|19.806, 148|122.420, 147|165.501
 350, trx: 1403, 95%: 58.845, 99%: 72.237, max_rt: 88.145, 1400|42.985, 141|14.706, 140|134.237, 140|174.389
 360, trx: 1436, 95%: 57.178, 99%: 76.281, max_rt: 102.981, 1437|48.706, 144|31.871, 144|189.818, 144|211.396
 370, trx: 1365, 95%: 58.231, 99%: 74.901, max_rt: 122.342, 1362|64.103, 135|19.935, 136|144.103, 136|184.531
 380, trx: 1470, 95%: 56.362, 99%: 69.792, max_rt: 87.065, 1470|47.588, 148|29.766, 147|132.064, 148|164.908
 390, trx: 1425, 95%: 55.375, 99%: 68.019, max_rt: 80.136, 1427|45.960, 142|26.386, 142|132.900, 142|180.803
 400, trx: 1525, 95%: 51.383, 99%: 63.798, max_rt: 90.559, 1526|48.632, 153|33.138, 152|132.235, 152|163.144
 410, trx: 1463, 95%: 53.598, 99%: 67.028, max_rt: 100.573, 1461|48.133, 146|19.736, 147|114.746, 146|171.337
 420, trx: 1469, 95%: 53.390, 99%: 66.988, max_rt: 88.240, 1470|38.796, 147|16.322, 147|108.710, 148|169.007
 430, trx: 1459, 95%: 52.960, 99%: 68.141, max_rt: 91.782, 1459|35.434, 146|20.201, 146|134.177, 145|178.874
 440, trx: 1427, 95%: 56.093, 99%: 69.480, max_rt: 140.487, 1428|70.429, 142|32.562, 143|111.009, 143|192.570
 450, trx: 1501, 95%: 54.162, 99%: 70.697, max_rt: 86.442, 1501|57.472, 151|67.249, 150|122.615, 150|195.893
 460, trx: 1472, 95%: 54.897, 99%: 69.376, max_rt: 92.500, 1470|54.051, 147|20.450, 147|137.003, 147|190.106
 470, trx: 1464, 95%: 53.823, 99%: 68.059, max_rt: 91.561, 1468|57.320, 147|13.764, 146|151.273, 147|176.883
 480, trx: 1490, 95%: 53.262, 99%: 71.185, max_rt: 108.213, 1486|40.726, 148|24.297, 149|134.615, 149|159.911
 490, trx: 1479, 95%: 53.904, 99%: 69.086, max_rt: 103.232, 1481|46.052, 148|16.877, 148|126.332, 148|218.848
 500, trx: 1430, 95%: 55.591, 99%: 69.334, max_rt: 82.626, 1427|40.383, 143|27.164, 143|126.735, 142|189.303
 510, trx: 1441, 95%: 52.881, 99%: 69.918, max_rt: 108.841, 1443|37.820, 144|24.722, 144|115.273, 145|181.875
 520, trx: 1439, 95%: 55.061, 99%: 76.213, max_rt: 106.923, 1438|47.192, 145|25.528, 144|125.833, 144|220.128
 530, trx: 1439, 95%: 54.357, 99%: 70.866, max_rt: 94.971, 1440|54.577, 143|26.638, 144|115.861, 144|197.369
 540, trx: 1494, 95%: 52.314, 99%: 63.209, max_rt: 84.995, 1492|48.819, 149|19.879, 149|117.376, 148|156.309
 550, trx: 1494, 95%: 52.017, 99%: 65.247, max_rt: 84.243, 1498|72.959, 150|15.855, 150|115.064, 151|199.835
 560, trx: 1474, 95%: 54.390, 99%: 68.735, max_rt: 90.385, 1471|60.988, 147|23.847, 147|115.063, 146|191.958
 570, trx: 1431, 95%: 56.497, 99%: 70.233, max_rt: 98.099, 1435|41.741, 143|16.916, 144|170.540, 143|201.465
 580, trx: 1440, 95%: 54.471, 99%: 69.646, max_rt: 98.451, 1437|52.252, 144|18.034, 143|138.719, 145|212.621
 590, trx: 1403, 95%: 58.792, 99%: 77.757, max_rt: 130.312, 1403|38.973, 140|21.821, 140|132.076, 141|255.558
 600, trx: 1530, 95%: 51.924, 99%: 64.741, max_rt: 89.933, 1528|44.962, 154|15.368, 154|113.155, 153|187.840

STOPPING THREADS........

<Raw Results>
  [0] sc:178 lt:86729  rt:0  fl:0 avg_rt: 31.0 (5)
  [1] sc:30439 lt:56465  rt:0  fl:0 avg_rt: 7.2 (5)
  [2] sc:5584 lt:3107  rt:0  fl:0 avg_rt: 5.2 (5)
  [3] sc:6628 lt:2063  rt:0  fl:0 avg_rt: 70.4 (80)
  [4] sc:3 lt:8688  rt:0  fl:0 avg_rt: 103.6 (20)
 in 600 sec.

<Raw Results2(sum ver.)>
  [0] sc:178  lt:86729  rt:0  fl:0 
  [1] sc:30440  lt:56465  rt:0  fl:0 
  [2] sc:5584  lt:3107  rt:0  fl:0 
  [3] sc:6628  lt:2063  rt:0  fl:0 
  [4] sc:3  lt:8688  rt:0  fl:0 

<Constraint Check> (all must be [OK])
 [transaction percentage]
        Payment: 43.48% (>=43.0%) [OK]
   Order-Status: 4.35% (>= 4.0%) [OK]
       Delivery: 4.35% (>= 4.0%) [OK]
    Stock-Level: 4.35% (>= 4.0%) [OK]
 [response time (at least 90% passed)]
      New-Order: 0.20%  [NG] *
        Payment: 35.03%  [NG] *
   Order-Status: 64.25%  [NG] *
       Delivery: 76.26%  [NG] *
    Stock-Level: 0.03%  [NG] *

<TpmC>
                 8690.700 TpmC
